{"C:\\Users\\logan\\Desktop\\School\\CSCI342\\CSCI342-Group4\\ror2wiki\\postcss.config.js": {"path":"C:\\Users\\logan\\Desktop\\School\\CSCI342\\CSCI342-Group4\\ror2wiki\\postcss.config.js","all":true,"statementMap":{"0":{"start":{"line":1,"column":0},"end":{"line":1,"column":16}},"1":{"start":{"line":2,"column":0},"end":{"line":2,"column":12}},"2":{"start":{"line":3,"column":0},"end":{"line":3,"column":20}},"3":{"start":{"line":4,"column":0},"end":{"line":4,"column":21}},"4":{"start":{"line":5,"column":0},"end":{"line":5,"column":4}},"5":{"start":{"line":6,"column":0},"end":{"line":6,"column":1}}},"s":{"0":0,"1":0,"2":0,"3":0,"4":0,"5":0},"branchMap":{"0":{"type":"branch","line":1,"loc":{"start":{"line":1,"column":0},"end":{"line":6,"column":1}},"locations":[{"start":{"line":1,"column":0},"end":{"line":6,"column":1}}]}},"b":{"0":[0]},"fnMap":{"0":{"name":"(empty-report)","decl":{"start":{"line":1,"column":0},"end":{"line":6,"column":1}},"loc":{"start":{"line":1,"column":0},"end":{"line":6,"column":1}},"line":1}},"f":{"0":0}}
,"C:\\Users\\logan\\Desktop\\School\\CSCI342\\CSCI342-Group4\\ror2wiki\\tailwind.config.js": {"path":"C:\\Users\\logan\\Desktop\\School\\CSCI342\\CSCI342-Group4\\ror2wiki\\tailwind.config.js","all":true,"statementMap":{"0":{"start":{"line":1,"column":0},"end":{"line":1,"column":43}},"1":{"start":{"line":2,"column":0},"end":{"line":2,"column":16}},"2":{"start":{"line":3,"column":0},"end":{"line":3,"column":12}},"3":{"start":{"line":4,"column":0},"end":{"line":4,"column":19}},"4":{"start":{"line":5,"column":0},"end":{"line":5,"column":32}},"5":{"start":{"line":6,"column":0},"end":{"line":6,"column":4}},"6":{"start":{"line":7,"column":0},"end":{"line":7,"column":10}},"7":{"start":{"line":8,"column":0},"end":{"line":8,"column":15}},"8":{"start":{"line":9,"column":0},"end":{"line":9,"column":4}},"9":{"start":{"line":10,"column":0},"end":{"line":10,"column":14}},"10":{"start":{"line":11,"column":0},"end":{"line":11,"column":1}}},"s":{"0":0,"1":0,"2":0,"3":0,"4":0,"5":0,"6":0,"7":0,"8":0,"9":0,"10":0},"branchMap":{"0":{"type":"branch","line":1,"loc":{"start":{"line":1,"column":0},"end":{"line":11,"column":1}},"locations":[{"start":{"line":1,"column":0},"end":{"line":11,"column":1}}]}},"b":{"0":[0]},"fnMap":{"0":{"name":"(empty-report)","decl":{"start":{"line":1,"column":0},"end":{"line":11,"column":1}},"loc":{"start":{"line":1,"column":0},"end":{"line":11,"column":1}},"line":1}},"f":{"0":0}}
,"C:\\Users\\logan\\Desktop\\School\\CSCI342\\CSCI342-Group4\\ror2wiki\\src\\App.jsx": {"path":"C:\\Users\\logan\\Desktop\\School\\CSCI342\\CSCI342-Group4\\ror2wiki\\src\\App.jsx","all":false,"statementMap":{"0":{"start":{"line":1,"column":0},"end":{"line":1,"column":32}},"1":{"start":{"line":2,"column":0},"end":{"line":2,"column":42}},"2":{"start":{"line":3,"column":0},"end":{"line":3,"column":32}},"3":{"start":{"line":4,"column":0},"end":{"line":4,"column":18}},"4":{"start":{"line":5,"column":0},"end":{"line":5,"column":44}},"5":{"start":{"line":6,"column":0},"end":{"line":6,"column":36}},"6":{"start":{"line":7,"column":0},"end":{"line":7,"column":40}},"7":{"start":{"line":8,"column":0},"end":{"line":8,"column":45}},"8":{"start":{"line":9,"column":0},"end":{"line":9,"column":40}},"9":{"start":{"line":10,"column":0},"end":{"line":10,"column":41}},"10":{"start":{"line":11,"column":0},"end":{"line":11,"column":57}},"11":{"start":{"line":12,"column":0},"end":{"line":12,"column":0}},"12":{"start":{"line":13,"column":0},"end":{"line":13,"column":0}},"13":{"start":{"line":14,"column":0},"end":{"line":14,"column":16}},"14":{"start":{"line":15,"column":0},"end":{"line":15,"column":0}},"15":{"start":{"line":16,"column":0},"end":{"line":16,"column":0}},"16":{"start":{"line":17,"column":0},"end":{"line":17,"column":10}},"17":{"start":{"line":18,"column":0},"end":{"line":18,"column":22}},"18":{"start":{"line":19,"column":0},"end":{"line":19,"column":14}},"19":{"start":{"line":20,"column":0},"end":{"line":20,"column":66}},"20":{"start":{"line":21,"column":0},"end":{"line":21,"column":17}},"21":{"start":{"line":22,"column":0},"end":{"line":22,"column":8}},"22":{"start":{"line":23,"column":0},"end":{"line":23,"column":113}},"23":{"start":{"line":24,"column":0},"end":{"line":24,"column":17}},"24":{"start":{"line":25,"column":0},"end":{"line":25,"column":8}},"25":{"start":{"line":26,"column":0},"end":{"line":26,"column":17}},"26":{"start":{"line":27,"column":0},"end":{"line":27,"column":8}},"27":{"start":{"line":28,"column":0},"end":{"line":28,"column":8}},"28":{"start":{"line":29,"column":0},"end":{"line":29,"column":0}},"29":{"start":{"line":30,"column":0},"end":{"line":30,"column":12}},"30":{"start":{"line":31,"column":0},"end":{"line":31,"column":6}},"31":{"start":{"line":32,"column":0},"end":{"line":32,"column":6}},"32":{"start":{"line":33,"column":0},"end":{"line":33,"column":23}},"33":{"start":{"line":34,"column":0},"end":{"line":34,"column":3}},"34":{"start":{"line":35,"column":0},"end":{"line":35,"column":1}},"35":{"start":{"line":36,"column":0},"end":{"line":36,"column":0}},"36":{"start":{"line":37,"column":0},"end":{"line":37,"column":18}}},"s":{"0":1,"1":1,"2":1,"3":1,"4":1,"5":1,"6":1,"7":1,"8":1,"9":1,"10":1,"11":1,"12":1,"13":3,"14":3,"15":3,"16":3,"17":3,"18":3,"19":3,"20":3,"21":3,"22":3,"23":3,"24":3,"25":3,"26":3,"27":3,"28":3,"29":3,"30":3,"31":3,"32":3,"33":3,"34":3,"35":1,"36":1},"branchMap":{"0":{"type":"branch","line":14,"loc":{"start":{"line":14,"column":0},"end":{"line":35,"column":1}},"locations":[{"start":{"line":14,"column":0},"end":{"line":35,"column":1}}]}},"b":{"0":[3]},"fnMap":{"0":{"name":"App","decl":{"start":{"line":14,"column":0},"end":{"line":35,"column":1}},"loc":{"start":{"line":14,"column":0},"end":{"line":35,"column":1}},"line":14}},"f":{"0":3}}
,"C:\\Users\\logan\\Desktop\\School\\CSCI342\\CSCI342-Group4\\ror2wiki\\src\\main.jsx": {"path":"C:\\Users\\logan\\Desktop\\School\\CSCI342\\CSCI342-Group4\\ror2wiki\\src\\main.jsx","all":true,"statementMap":{"0":{"start":{"line":1,"column":0},"end":{"line":1,"column":25}},"1":{"start":{"line":2,"column":0},"end":{"line":2,"column":39}},"2":{"start":{"line":3,"column":0},"end":{"line":3,"column":27}},"3":{"start":{"line":4,"column":0},"end":{"line":4,"column":20}},"4":{"start":{"line":5,"column":0},"end":{"line":5,"column":76}},"5":{"start":{"line":6,"column":0},"end":{"line":6,"column":44}},"6":{"start":{"line":7,"column":0},"end":{"line":7,"column":52}},"7":{"start":{"line":8,"column":0},"end":{"line":8,"column":0}},"8":{"start":{"line":9,"column":0},"end":{"line":9,"column":44}},"9":{"start":{"line":10,"column":0},"end":{"line":10,"column":56}},"10":{"start":{"line":11,"column":0},"end":{"line":11,"column":54}},"11":{"start":{"line":12,"column":0},"end":{"line":12,"column":46}},"12":{"start":{"line":13,"column":0},"end":{"line":13,"column":0}},"13":{"start":{"line":14,"column":0},"end":{"line":14,"column":54}},"14":{"start":{"line":15,"column":0},"end":{"line":15,"column":46}},"15":{"start":{"line":16,"column":0},"end":{"line":16,"column":52}},"16":{"start":{"line":17,"column":0},"end":{"line":17,"column":60}},"17":{"start":{"line":18,"column":0},"end":{"line":18,"column":54}},"18":{"start":{"line":19,"column":0},"end":{"line":19,"column":62}},"19":{"start":{"line":20,"column":0},"end":{"line":20,"column":44}},"20":{"start":{"line":21,"column":0},"end":{"line":21,"column":46}},"21":{"start":{"line":22,"column":0},"end":{"line":22,"column":48}},"22":{"start":{"line":23,"column":0},"end":{"line":23,"column":50}},"23":{"start":{"line":24,"column":0},"end":{"line":24,"column":0}},"24":{"start":{"line":25,"column":0},"end":{"line":25,"column":36}},"25":{"start":{"line":26,"column":0},"end":{"line":26,"column":30}},"26":{"start":{"line":27,"column":0},"end":{"line":27,"column":15}},"27":{"start":{"line":28,"column":0},"end":{"line":28,"column":41}},"28":{"start":{"line":29,"column":0},"end":{"line":29,"column":44}},"29":{"start":{"line":30,"column":0},"end":{"line":30,"column":0}},"30":{"start":{"line":31,"column":0},"end":{"line":31,"column":44}},"31":{"start":{"line":32,"column":0},"end":{"line":32,"column":44}},"32":{"start":{"line":33,"column":0},"end":{"line":33,"column":56}},"33":{"start":{"line":34,"column":0},"end":{"line":34,"column":54}},"34":{"start":{"line":35,"column":0},"end":{"line":35,"column":46}},"35":{"start":{"line":36,"column":0},"end":{"line":36,"column":0}},"36":{"start":{"line":37,"column":0},"end":{"line":37,"column":54}},"37":{"start":{"line":38,"column":0},"end":{"line":38,"column":46}},"38":{"start":{"line":39,"column":0},"end":{"line":39,"column":52}},"39":{"start":{"line":40,"column":0},"end":{"line":40,"column":60}},"40":{"start":{"line":41,"column":0},"end":{"line":41,"column":54}},"41":{"start":{"line":42,"column":0},"end":{"line":42,"column":62}},"42":{"start":{"line":43,"column":0},"end":{"line":43,"column":46}},"43":{"start":{"line":44,"column":0},"end":{"line":44,"column":48}},"44":{"start":{"line":45,"column":0},"end":{"line":45,"column":50}},"45":{"start":{"line":46,"column":0},"end":{"line":46,"column":5}},"46":{"start":{"line":47,"column":0},"end":{"line":47,"column":3}},"47":{"start":{"line":48,"column":0},"end":{"line":48,"column":3}},"48":{"start":{"line":49,"column":0},"end":{"line":49,"column":0}},"49":{"start":{"line":50,"column":0},"end":{"line":50,"column":60}},"50":{"start":{"line":51,"column":0},"end":{"line":51,"column":20}},"51":{"start":{"line":52,"column":0},"end":{"line":52,"column":37}},"52":{"start":{"line":53,"column":0},"end":{"line":53,"column":22}},"53":{"start":{"line":54,"column":0},"end":{"line":54,"column":1}}},"s":{"0":0,"1":0,"2":0,"3":0,"4":0,"5":0,"6":0,"7":0,"8":0,"9":0,"10":0,"11":0,"12":0,"13":0,"14":0,"15":0,"16":0,"17":0,"18":0,"19":0,"20":0,"21":0,"22":0,"23":0,"24":0,"25":0,"26":0,"27":0,"28":0,"29":0,"30":0,"31":0,"32":0,"33":0,"34":0,"35":0,"36":0,"37":0,"38":0,"39":0,"40":0,"41":0,"42":0,"43":0,"44":0,"45":0,"46":0,"47":0,"48":0,"49":0,"50":0,"51":0,"52":0,"53":0},"branchMap":{"0":{"type":"branch","line":1,"loc":{"start":{"line":1,"column":0},"end":{"line":54,"column":1}},"locations":[{"start":{"line":1,"column":0},"end":{"line":54,"column":1}}]}},"b":{"0":[0]},"fnMap":{"0":{"name":"(empty-report)","decl":{"start":{"line":1,"column":0},"end":{"line":54,"column":1}},"loc":{"start":{"line":1,"column":0},"end":{"line":54,"column":1}},"line":1}},"f":{"0":0}}
,"C:\\Users\\logan\\Desktop\\School\\CSCI342\\CSCI342-Group4\\ror2wiki\\src\\Pages\\AccountPage.jsx": {"path":"C:\\Users\\logan\\Desktop\\School\\CSCI342\\CSCI342-Group4\\ror2wiki\\src\\Pages\\AccountPage.jsx","all":true,"statementMap":{"0":{"start":{"line":1,"column":0},"end":{"line":1,"column":48}},"1":{"start":{"line":2,"column":0},"end":{"line":2,"column":47}},"2":{"start":{"line":3,"column":0},"end":{"line":3,"column":36}},"3":{"start":{"line":4,"column":0},"end":{"line":4,"column":54}},"4":{"start":{"line":5,"column":0},"end":{"line":5,"column":0}},"5":{"start":{"line":6,"column":0},"end":{"line":6,"column":0}},"6":{"start":{"line":7,"column":0},"end":{"line":7,"column":27}},"7":{"start":{"line":8,"column":0},"end":{"line":8,"column":47}},"8":{"start":{"line":9,"column":0},"end":{"line":9,"column":53}},"9":{"start":{"line":10,"column":0},"end":{"line":10,"column":47}},"10":{"start":{"line":11,"column":0},"end":{"line":11,"column":34}},"11":{"start":{"line":12,"column":0},"end":{"line":12,"column":42}},"12":{"start":{"line":13,"column":0},"end":{"line":13,"column":4}},"13":{"start":{"line":14,"column":0},"end":{"line":14,"column":40}},"14":{"start":{"line":15,"column":0},"end":{"line":15,"column":21}},"15":{"start":{"line":16,"column":0},"end":{"line":16,"column":5}},"16":{"start":{"line":17,"column":0},"end":{"line":17,"column":0}},"17":{"start":{"line":18,"column":0},"end":{"line":18,"column":32}},"18":{"start":{"line":19,"column":0},"end":{"line":19,"column":40}},"19":{"start":{"line":20,"column":0},"end":{"line":20,"column":43}},"20":{"start":{"line":21,"column":0},"end":{"line":21,"column":40}},"21":{"start":{"line":22,"column":0},"end":{"line":22,"column":27}},"22":{"start":{"line":23,"column":0},"end":{"line":23,"column":37}},"23":{"start":{"line":24,"column":0},"end":{"line":24,"column":21}},"24":{"start":{"line":25,"column":0},"end":{"line":25,"column":5}},"25":{"start":{"line":26,"column":0},"end":{"line":26,"column":0}},"26":{"start":{"line":27,"column":0},"end":{"line":27,"column":38}},"27":{"start":{"line":28,"column":0},"end":{"line":28,"column":13}},"28":{"start":{"line":29,"column":0},"end":{"line":29,"column":77}},"29":{"start":{"line":30,"column":0},"end":{"line":30,"column":33}},"30":{"start":{"line":31,"column":0},"end":{"line":31,"column":26}},"31":{"start":{"line":32,"column":0},"end":{"line":32,"column":42}},"32":{"start":{"line":33,"column":0},"end":{"line":33,"column":17}},"33":{"start":{"line":34,"column":0},"end":{"line":34,"column":33}},"34":{"start":{"line":35,"column":0},"end":{"line":35,"column":32}},"35":{"start":{"line":36,"column":0},"end":{"line":36,"column":54}},"36":{"start":{"line":37,"column":0},"end":{"line":37,"column":52}},"37":{"start":{"line":38,"column":0},"end":{"line":38,"column":55}},"38":{"start":{"line":39,"column":0},"end":{"line":39,"column":52}},"39":{"start":{"line":40,"column":0},"end":{"line":40,"column":39}},"40":{"start":{"line":41,"column":0},"end":{"line":41,"column":33}},"41":{"start":{"line":42,"column":0},"end":{"line":42,"column":24}},"42":{"start":{"line":43,"column":0},"end":{"line":43,"column":57}},"43":{"start":{"line":44,"column":0},"end":{"line":44,"column":17}},"44":{"start":{"line":45,"column":0},"end":{"line":45,"column":14}},"45":{"start":{"line":46,"column":0},"end":{"line":46,"column":0}},"46":{"start":{"line":47,"column":0},"end":{"line":47,"column":0}},"47":{"start":{"line":48,"column":0},"end":{"line":48,"column":25}},"48":{"start":{"line":49,"column":0},"end":{"line":49,"column":49}},"49":{"start":{"line":50,"column":0},"end":{"line":50,"column":9}},"50":{"start":{"line":51,"column":0},"end":{"line":51,"column":5}},"51":{"start":{"line":52,"column":0},"end":{"line":52,"column":0}},"52":{"start":{"line":53,"column":0},"end":{"line":53,"column":0}},"53":{"start":{"line":54,"column":0},"end":{"line":54,"column":4}},"54":{"start":{"line":55,"column":0},"end":{"line":55,"column":12}},"55":{"start":{"line":56,"column":0},"end":{"line":56,"column":13}},"56":{"start":{"line":57,"column":0},"end":{"line":57,"column":40}},"57":{"start":{"line":58,"column":0},"end":{"line":58,"column":73}},"58":{"start":{"line":59,"column":0},"end":{"line":59,"column":58}},"59":{"start":{"line":60,"column":0},"end":{"line":60,"column":57}},"60":{"start":{"line":61,"column":0},"end":{"line":61,"column":61}},"61":{"start":{"line":62,"column":0},"end":{"line":62,"column":60}},"62":{"start":{"line":63,"column":0},"end":{"line":63,"column":28}},"63":{"start":{"line":64,"column":0},"end":{"line":64,"column":121}},"64":{"start":{"line":65,"column":0},"end":{"line":65,"column":114}},"65":{"start":{"line":66,"column":0},"end":{"line":66,"column":18}},"66":{"start":{"line":67,"column":0},"end":{"line":67,"column":14}},"67":{"start":{"line":68,"column":0},"end":{"line":68,"column":6}},"68":{"start":{"line":69,"column":0},"end":{"line":69,"column":1}},"69":{"start":{"line":70,"column":0},"end":{"line":70,"column":0}},"70":{"start":{"line":71,"column":0},"end":{"line":71,"column":27}}},"s":{"0":0,"1":0,"2":0,"3":0,"4":0,"5":0,"6":0,"7":0,"8":0,"9":0,"10":0,"11":0,"12":0,"13":0,"14":0,"15":0,"16":0,"17":0,"18":0,"19":0,"20":0,"21":0,"22":0,"23":0,"24":0,"25":0,"26":0,"27":0,"28":0,"29":0,"30":0,"31":0,"32":0,"33":0,"34":0,"35":0,"36":0,"37":0,"38":0,"39":0,"40":0,"41":0,"42":0,"43":0,"44":0,"45":0,"46":0,"47":0,"48":0,"49":0,"50":0,"51":0,"52":0,"53":0,"54":0,"55":0,"56":0,"57":0,"58":0,"59":0,"60":0,"61":0,"62":0,"63":0,"64":0,"65":0,"66":0,"67":0,"68":0,"69":0,"70":0},"branchMap":{"0":{"type":"branch","line":1,"loc":{"start":{"line":1,"column":0},"end":{"line":71,"column":27}},"locations":[{"start":{"line":1,"column":0},"end":{"line":71,"column":27}}]}},"b":{"0":[0]},"fnMap":{"0":{"name":"(empty-report)","decl":{"start":{"line":1,"column":0},"end":{"line":71,"column":27}},"loc":{"start":{"line":1,"column":0},"end":{"line":71,"column":27}},"line":1}},"f":{"0":0}}
,"C:\\Users\\logan\\Desktop\\School\\CSCI342\\CSCI342-Group4\\ror2wiki\\src\\Pages\\ArtifactsPage.jsx": {"path":"C:\\Users\\logan\\Desktop\\School\\CSCI342\\CSCI342-Group4\\ror2wiki\\src\\Pages\\ArtifactsPage.jsx","all":false,"statementMap":{"0":{"start":{"line":1,"column":0},"end":{"line":1,"column":48}},"1":{"start":{"line":2,"column":0},"end":{"line":2,"column":46}},"2":{"start":{"line":3,"column":0},"end":{"line":3,"column":0}},"3":{"start":{"line":4,"column":0},"end":{"line":4,"column":19}},"4":{"start":{"line":5,"column":0},"end":{"line":5,"column":144}},"5":{"start":{"line":6,"column":0},"end":{"line":6,"column":102}},"6":{"start":{"line":7,"column":0},"end":{"line":7,"column":113}},"7":{"start":{"line":8,"column":0},"end":{"line":8,"column":135}},"8":{"start":{"line":9,"column":0},"end":{"line":9,"column":142}},"9":{"start":{"line":10,"column":0},"end":{"line":10,"column":117}},"10":{"start":{"line":11,"column":0},"end":{"line":11,"column":111}},"11":{"start":{"line":12,"column":0},"end":{"line":12,"column":123}},"12":{"start":{"line":13,"column":0},"end":{"line":13,"column":106}},"13":{"start":{"line":14,"column":0},"end":{"line":14,"column":118}},"14":{"start":{"line":15,"column":0},"end":{"line":15,"column":127}},"15":{"start":{"line":16,"column":0},"end":{"line":16,"column":136}},"16":{"start":{"line":17,"column":0},"end":{"line":17,"column":112}},"17":{"start":{"line":18,"column":0},"end":{"line":18,"column":123}},"18":{"start":{"line":19,"column":0},"end":{"line":19,"column":135}},"19":{"start":{"line":20,"column":0},"end":{"line":20,"column":129}},"20":{"start":{"line":21,"column":0},"end":{"line":21,"column":1}},"21":{"start":{"line":22,"column":0},"end":{"line":22,"column":0}},"22":{"start":{"line":23,"column":0},"end":{"line":23,"column":51}},"23":{"start":{"line":24,"column":0},"end":{"line":24,"column":12}},"24":{"start":{"line":25,"column":0},"end":{"line":25,"column":25}},"25":{"start":{"line":26,"column":0},"end":{"line":26,"column":32}},"26":{"start":{"line":27,"column":0},"end":{"line":27,"column":84}},"27":{"start":{"line":28,"column":0},"end":{"line":28,"column":32}},"28":{"start":{"line":29,"column":0},"end":{"line":29,"column":37}},"29":{"start":{"line":30,"column":0},"end":{"line":30,"column":5}},"30":{"start":{"line":31,"column":0},"end":{"line":31,"column":2}},"31":{"start":{"line":32,"column":0},"end":{"line":32,"column":0}},"32":{"start":{"line":33,"column":0},"end":{"line":33,"column":29}},"33":{"start":{"line":34,"column":0},"end":{"line":34,"column":13}},"34":{"start":{"line":35,"column":0},"end":{"line":35,"column":10}},"35":{"start":{"line":36,"column":0},"end":{"line":36,"column":42}},"36":{"start":{"line":37,"column":0},"end":{"line":37,"column":45}},"37":{"start":{"line":38,"column":0},"end":{"line":38,"column":11}},"38":{"start":{"line":39,"column":0},"end":{"line":39,"column":7}},"39":{"start":{"line":40,"column":0},"end":{"line":40,"column":1}},"40":{"start":{"line":41,"column":0},"end":{"line":41,"column":1}},"41":{"start":{"line":42,"column":0},"end":{"line":42,"column":29}}},"s":{"0":1,"1":1,"2":1,"3":1,"4":1,"5":1,"6":1,"7":1,"8":1,"9":1,"10":1,"11":1,"12":1,"13":1,"14":1,"15":1,"16":1,"17":1,"18":1,"19":1,"20":1,"21":1,"22":1,"23":16,"24":16,"25":16,"26":16,"27":16,"28":16,"29":16,"30":16,"31":1,"32":1,"33":2,"34":2,"35":2,"36":2,"37":2,"38":2,"39":2,"40":1,"41":1},"branchMap":{"0":{"type":"branch","line":23,"loc":{"start":{"line":23,"column":36},"end":{"line":31,"column":2}},"locations":[{"start":{"line":23,"column":36},"end":{"line":31,"column":2}}]},"1":{"type":"branch","line":33,"loc":{"start":{"line":33,"column":22},"end":{"line":40,"column":1}},"locations":[{"start":{"line":33,"column":22},"end":{"line":40,"column":1}}]}},"b":{"0":[16],"1":[2]},"fnMap":{"0":{"name":"ArtifactsPage","decl":{"start":{"line":33,"column":22},"end":{"line":40,"column":1}},"loc":{"start":{"line":33,"column":22},"end":{"line":40,"column":1}},"line":33}},"f":{"0":2}}
,"C:\\Users\\logan\\Desktop\\School\\CSCI342\\CSCI342-Group4\\ror2wiki\\src\\Pages\\CalculatorPage.jsx": {"path":"C:\\Users\\logan\\Desktop\\School\\CSCI342\\CSCI342-Group4\\ror2wiki\\src\\Pages\\CalculatorPage.jsx","all":false,"statementMap":{"0":{"start":{"line":1,"column":0},"end":{"line":1,"column":44}},"1":{"start":{"line":2,"column":0},"end":{"line":2,"column":44}},"2":{"start":{"line":3,"column":0},"end":{"line":3,"column":48}},"3":{"start":{"line":4,"column":0},"end":{"line":4,"column":44}},"4":{"start":{"line":5,"column":0},"end":{"line":5,"column":0}},"5":{"start":{"line":6,"column":0},"end":{"line":6,"column":30}},"6":{"start":{"line":7,"column":0},"end":{"line":7,"column":48}},"7":{"start":{"line":8,"column":0},"end":{"line":8,"column":48}},"8":{"start":{"line":9,"column":0},"end":{"line":9,"column":62}},"9":{"start":{"line":10,"column":0},"end":{"line":10,"column":58}},"10":{"start":{"line":11,"column":0},"end":{"line":11,"column":54}},"11":{"start":{"line":12,"column":0},"end":{"line":12,"column":54}},"12":{"start":{"line":13,"column":0},"end":{"line":13,"column":54}},"13":{"start":{"line":14,"column":0},"end":{"line":14,"column":54}},"14":{"start":{"line":15,"column":0},"end":{"line":15,"column":56}},"15":{"start":{"line":16,"column":0},"end":{"line":16,"column":46}},"16":{"start":{"line":17,"column":0},"end":{"line":17,"column":68}},"17":{"start":{"line":18,"column":0},"end":{"line":18,"column":54}},"18":{"start":{"line":19,"column":0},"end":{"line":19,"column":54}},"19":{"start":{"line":20,"column":0},"end":{"line":20,"column":54}},"20":{"start":{"line":21,"column":0},"end":{"line":21,"column":56}},"21":{"start":{"line":22,"column":0},"end":{"line":22,"column":50}},"22":{"start":{"line":23,"column":0},"end":{"line":23,"column":0}},"23":{"start":{"line":24,"column":0},"end":{"line":24,"column":48}},"24":{"start":{"line":25,"column":0},"end":{"line":25,"column":54}},"25":{"start":{"line":26,"column":0},"end":{"line":26,"column":62}},"26":{"start":{"line":27,"column":0},"end":{"line":27,"column":56}},"27":{"start":{"line":28,"column":0},"end":{"line":28,"column":58}},"28":{"start":{"line":29,"column":0},"end":{"line":29,"column":53}},"29":{"start":{"line":30,"column":0},"end":{"line":30,"column":58}},"30":{"start":{"line":31,"column":0},"end":{"line":31,"column":60}},"31":{"start":{"line":32,"column":0},"end":{"line":32,"column":0}},"32":{"start":{"line":33,"column":0},"end":{"line":33,"column":46}},"33":{"start":{"line":34,"column":0},"end":{"line":34,"column":4}},"34":{"start":{"line":35,"column":0},"end":{"line":35,"column":21}},"35":{"start":{"line":36,"column":0},"end":{"line":36,"column":21}},"36":{"start":{"line":37,"column":0},"end":{"line":37,"column":44}},"37":{"start":{"line":38,"column":0},"end":{"line":38,"column":47}},"38":{"start":{"line":39,"column":0},"end":{"line":39,"column":65}},"39":{"start":{"line":40,"column":0},"end":{"line":40,"column":58}},"40":{"start":{"line":41,"column":0},"end":{"line":41,"column":24}},"41":{"start":{"line":42,"column":0},"end":{"line":42,"column":24}},"42":{"start":{"line":43,"column":0},"end":{"line":43,"column":24}},"43":{"start":{"line":44,"column":0},"end":{"line":44,"column":55}},"44":{"start":{"line":45,"column":0},"end":{"line":45,"column":57}},"45":{"start":{"line":46,"column":0},"end":{"line":46,"column":20}},"46":{"start":{"line":47,"column":0},"end":{"line":47,"column":31}},"47":{"start":{"line":48,"column":0},"end":{"line":48,"column":24}},"48":{"start":{"line":49,"column":0},"end":{"line":49,"column":24}},"49":{"start":{"line":50,"column":0},"end":{"line":50,"column":24}},"50":{"start":{"line":51,"column":0},"end":{"line":51,"column":55}},"51":{"start":{"line":52,"column":0},"end":{"line":52,"column":22}},"52":{"start":{"line":53,"column":0},"end":{"line":53,"column":24}},"53":{"start":{"line":54,"column":0},"end":{"line":54,"column":25}},"54":{"start":{"line":55,"column":0},"end":{"line":55,"column":10}},"55":{"start":{"line":56,"column":0},"end":{"line":56,"column":47}},"56":{"start":{"line":57,"column":0},"end":{"line":57,"column":112}},"57":{"start":{"line":58,"column":0},"end":{"line":58,"column":113}},"58":{"start":{"line":59,"column":0},"end":{"line":59,"column":105}},"59":{"start":{"line":60,"column":0},"end":{"line":60,"column":0}},"60":{"start":{"line":61,"column":0},"end":{"line":61,"column":32}},"61":{"start":{"line":62,"column":0},"end":{"line":62,"column":28}},"62":{"start":{"line":63,"column":0},"end":{"line":63,"column":22}},"63":{"start":{"line":64,"column":0},"end":{"line":64,"column":5}},"64":{"start":{"line":65,"column":0},"end":{"line":65,"column":0}},"65":{"start":{"line":66,"column":0},"end":{"line":66,"column":12}},"66":{"start":{"line":67,"column":0},"end":{"line":67,"column":10}},"67":{"start":{"line":68,"column":0},"end":{"line":68,"column":50}},"68":{"start":{"line":69,"column":0},"end":{"line":69,"column":63}},"69":{"start":{"line":70,"column":0},"end":{"line":70,"column":165}},"70":{"start":{"line":71,"column":0},"end":{"line":71,"column":151}},"71":{"start":{"line":72,"column":0},"end":{"line":72,"column":179}},"72":{"start":{"line":73,"column":0},"end":{"line":73,"column":172}},"73":{"start":{"line":74,"column":0},"end":{"line":74,"column":173}},"74":{"start":{"line":75,"column":0},"end":{"line":75,"column":164}},"75":{"start":{"line":76,"column":0},"end":{"line":76,"column":165}},"76":{"start":{"line":77,"column":0},"end":{"line":77,"column":169}},"77":{"start":{"line":78,"column":0},"end":{"line":78,"column":37}},"78":{"start":{"line":79,"column":0},"end":{"line":79,"column":79}},"79":{"start":{"line":80,"column":0},"end":{"line":80,"column":38}},"80":{"start":{"line":81,"column":0},"end":{"line":81,"column":107}},"81":{"start":{"line":82,"column":0},"end":{"line":82,"column":155}},"82":{"start":{"line":83,"column":0},"end":{"line":83,"column":192}},"83":{"start":{"line":84,"column":0},"end":{"line":84,"column":164}},"84":{"start":{"line":85,"column":0},"end":{"line":85,"column":168}},"85":{"start":{"line":86,"column":0},"end":{"line":86,"column":37}},"86":{"start":{"line":87,"column":0},"end":{"line":87,"column":80}},"87":{"start":{"line":88,"column":0},"end":{"line":88,"column":37}},"88":{"start":{"line":89,"column":0},"end":{"line":89,"column":104}},"89":{"start":{"line":90,"column":0},"end":{"line":90,"column":155}},"90":{"start":{"line":91,"column":0},"end":{"line":91,"column":165}},"91":{"start":{"line":92,"column":0},"end":{"line":92,"column":18}},"92":{"start":{"line":93,"column":0},"end":{"line":93,"column":68}},"93":{"start":{"line":94,"column":0},"end":{"line":94,"column":67}},"94":{"start":{"line":95,"column":0},"end":{"line":95,"column":147}},"95":{"start":{"line":96,"column":0},"end":{"line":96,"column":54}},"96":{"start":{"line":97,"column":0},"end":{"line":97,"column":24}},"97":{"start":{"line":98,"column":0},"end":{"line":98,"column":67}},"98":{"start":{"line":99,"column":0},"end":{"line":99,"column":162}},"99":{"start":{"line":100,"column":0},"end":{"line":100,"column":64}},"100":{"start":{"line":101,"column":0},"end":{"line":101,"column":24}},"101":{"start":{"line":102,"column":0},"end":{"line":102,"column":67}},"102":{"start":{"line":103,"column":0},"end":{"line":103,"column":182}},"103":{"start":{"line":104,"column":0},"end":{"line":104,"column":61}},"104":{"start":{"line":105,"column":0},"end":{"line":105,"column":24}},"105":{"start":{"line":106,"column":0},"end":{"line":106,"column":67}},"106":{"start":{"line":107,"column":0},"end":{"line":107,"column":167}},"107":{"start":{"line":108,"column":0},"end":{"line":108,"column":61}},"108":{"start":{"line":109,"column":0},"end":{"line":109,"column":24}},"109":{"start":{"line":110,"column":0},"end":{"line":110,"column":18}},"110":{"start":{"line":111,"column":0},"end":{"line":111,"column":73}},"111":{"start":{"line":112,"column":0},"end":{"line":112,"column":67}},"112":{"start":{"line":113,"column":0},"end":{"line":113,"column":172}},"113":{"start":{"line":114,"column":0},"end":{"line":114,"column":59}},"114":{"start":{"line":115,"column":0},"end":{"line":115,"column":24}},"115":{"start":{"line":116,"column":0},"end":{"line":116,"column":67}},"116":{"start":{"line":117,"column":0},"end":{"line":117,"column":162}},"117":{"start":{"line":118,"column":0},"end":{"line":118,"column":57}},"118":{"start":{"line":119,"column":0},"end":{"line":119,"column":24}},"119":{"start":{"line":120,"column":0},"end":{"line":120,"column":67}},"120":{"start":{"line":121,"column":0},"end":{"line":121,"column":142}},"121":{"start":{"line":122,"column":0},"end":{"line":122,"column":65}},"122":{"start":{"line":123,"column":0},"end":{"line":123,"column":52}},"123":{"start":{"line":124,"column":0},"end":{"line":124,"column":24}},"124":{"start":{"line":125,"column":0},"end":{"line":125,"column":59}},"125":{"start":{"line":126,"column":0},"end":{"line":126,"column":24}},"126":{"start":{"line":127,"column":0},"end":{"line":127,"column":67}},"127":{"start":{"line":128,"column":0},"end":{"line":128,"column":145}},"128":{"start":{"line":129,"column":0},"end":{"line":129,"column":65}},"129":{"start":{"line":130,"column":0},"end":{"line":130,"column":55}},"130":{"start":{"line":131,"column":0},"end":{"line":131,"column":24}},"131":{"start":{"line":132,"column":0},"end":{"line":132,"column":60}},"132":{"start":{"line":133,"column":0},"end":{"line":133,"column":24}},"133":{"start":{"line":134,"column":0},"end":{"line":134,"column":18}},"134":{"start":{"line":135,"column":0},"end":{"line":135,"column":12}},"135":{"start":{"line":136,"column":0},"end":{"line":136,"column":53}},"136":{"start":{"line":137,"column":0},"end":{"line":137,"column":98}},"137":{"start":{"line":138,"column":0},"end":{"line":138,"column":11}},"138":{"start":{"line":139,"column":0},"end":{"line":139,"column":6}},"139":{"start":{"line":140,"column":0},"end":{"line":140,"column":1}},"140":{"start":{"line":141,"column":0},"end":{"line":141,"column":1}},"141":{"start":{"line":142,"column":0},"end":{"line":142,"column":30}}},"s":{"0":1,"1":1,"2":1,"3":1,"4":1,"5":1,"6":97,"7":97,"8":97,"9":97,"10":97,"11":97,"12":97,"13":97,"14":97,"15":97,"16":97,"17":97,"18":97,"19":97,"20":97,"21":97,"22":97,"23":97,"24":97,"25":97,"26":97,"27":97,"28":97,"29":97,"30":97,"31":97,"32":97,"33":97,"34":97,"35":50,"36":50,"37":50,"38":50,"39":50,"40":50,"41":50,"42":50,"43":50,"44":50,"45":50,"46":50,"47":50,"48":50,"49":50,"50":50,"51":50,"52":50,"53":50,"54":50,"55":50,"56":97,"57":97,"58":97,"59":97,"60":97,"61":32,"62":32,"63":32,"64":97,"65":97,"66":97,"67":97,"68":97,"69":97,"70":97,"71":97,"72":97,"73":97,"74":97,"75":97,"76":97,"77":97,"78":2,"79":2,"80":97,"81":97,"82":97,"83":97,"84":97,"85":97,"86":2,"87":2,"88":97,"89":97,"90":97,"91":97,"92":97,"93":97,"94":97,"95":97,"96":97,"97":97,"98":97,"99":97,"100":97,"101":97,"102":97,"103":97,"104":97,"105":97,"106":97,"107":97,"108":97,"109":97,"110":97,"111":97,"112":97,"113":97,"114":97,"115":97,"116":97,"117":97,"118":97,"119":97,"120":97,"121":1,"122":1,"123":97,"124":97,"125":97,"126":97,"127":97,"128":2,"129":2,"130":97,"131":97,"132":97,"133":97,"134":97,"135":97,"136":97,"137":97,"138":97,"139":97,"140":1,"141":1},"branchMap":{"0":{"type":"branch","line":6,"loc":{"start":{"line":6,"column":23},"end":{"line":140,"column":1}},"locations":[{"start":{"line":6,"column":23},"end":{"line":140,"column":1}}]},"1":{"type":"branch","line":35,"loc":{"start":{"line":35,"column":14},"end":{"line":57,"column":7}},"locations":[{"start":{"line":35,"column":14},"end":{"line":57,"column":7}}]},"2":{"type":"branch","line":37,"loc":{"start":{"line":37,"column":22},"end":{"line":37,"column":42}},"locations":[{"start":{"line":37,"column":22},"end":{"line":37,"column":42}}]},"3":{"type":"branch","line":37,"loc":{"start":{"line":37,"column":31},"end":{"line":37,"column":44}},"locations":[{"start":{"line":37,"column":31},"end":{"line":37,"column":44}}]},"4":{"type":"branch","line":38,"loc":{"start":{"line":38,"column":22},"end":{"line":38,"column":45}},"locations":[{"start":{"line":38,"column":22},"end":{"line":38,"column":45}}]},"5":{"type":"branch","line":38,"loc":{"start":{"line":38,"column":34},"end":{"line":38,"column":47}},"locations":[{"start":{"line":38,"column":34},"end":{"line":38,"column":47}}]},"6":{"type":"branch","line":39,"loc":{"start":{"line":39,"column":29},"end":{"line":39,"column":49}},"locations":[{"start":{"line":39,"column":29},"end":{"line":39,"column":49}}]},"7":{"type":"branch","line":39,"loc":{"start":{"line":39,"column":45},"end":{"line":39,"column":65}},"locations":[{"start":{"line":39,"column":45},"end":{"line":39,"column":65}}]},"8":{"type":"branch","line":40,"loc":{"start":{"line":40,"column":27},"end":{"line":40,"column":56}},"locations":[{"start":{"line":40,"column":27},"end":{"line":40,"column":56}}]},"9":{"type":"branch","line":40,"loc":{"start":{"line":40,"column":40},"end":{"line":40,"column":58}},"locations":[{"start":{"line":40,"column":40},"end":{"line":40,"column":58}}]},"10":{"type":"branch","line":44,"loc":{"start":{"line":44,"column":25},"end":{"line":44,"column":53}},"locations":[{"start":{"line":44,"column":25},"end":{"line":44,"column":53}}]},"11":{"type":"branch","line":44,"loc":{"start":{"line":44,"column":39},"end":{"line":44,"column":55}},"locations":[{"start":{"line":44,"column":39},"end":{"line":44,"column":55}}]},"12":{"type":"branch","line":45,"loc":{"start":{"line":45,"column":26},"end":{"line":45,"column":55}},"locations":[{"start":{"line":45,"column":26},"end":{"line":45,"column":55}}]},"13":{"type":"branch","line":45,"loc":{"start":{"line":45,"column":40},"end":{"line":45,"column":57}},"locations":[{"start":{"line":45,"column":40},"end":{"line":45,"column":57}}]},"14":{"type":"branch","line":51,"loc":{"start":{"line":51,"column":26},"end":{"line":51,"column":53}},"locations":[{"start":{"line":51,"column":26},"end":{"line":51,"column":53}}]},"15":{"type":"branch","line":51,"loc":{"start":{"line":51,"column":38},"end":{"line":51,"column":55}},"locations":[{"start":{"line":51,"column":38},"end":{"line":51,"column":55}}]},"16":{"type":"branch","line":61,"loc":{"start":{"line":61,"column":24},"end":{"line":64,"column":5}},"locations":[{"start":{"line":61,"column":24},"end":{"line":64,"column":5}}]},"17":{"type":"branch","line":62,"loc":{"start":{"line":62,"column":19},"end":{"line":62,"column":28}},"locations":[{"start":{"line":62,"column":19},"end":{"line":62,"column":28}}]},"18":{"type":"branch","line":70,"loc":{"start":{"line":70,"column":29},"end":{"line":70,"column":76}},"locations":[{"start":{"line":70,"column":29},"end":{"line":70,"column":76}}]},"19":{"type":"branch","line":71,"loc":{"start":{"line":71,"column":29},"end":{"line":71,"column":76}},"locations":[{"start":{"line":71,"column":29},"end":{"line":71,"column":76}}]},"20":{"type":"branch","line":72,"loc":{"start":{"line":72,"column":29},"end":{"line":72,"column":90}},"locations":[{"start":{"line":72,"column":29},"end":{"line":72,"column":90}}]},"21":{"type":"branch","line":73,"loc":{"start":{"line":73,"column":29},"end":{"line":73,"column":86}},"locations":[{"start":{"line":73,"column":29},"end":{"line":73,"column":86}}]},"22":{"type":"branch","line":74,"loc":{"start":{"line":74,"column":29},"end":{"line":74,"column":82}},"locations":[{"start":{"line":74,"column":29},"end":{"line":74,"column":82}}]},"23":{"type":"branch","line":75,"loc":{"start":{"line":75,"column":29},"end":{"line":75,"column":82}},"locations":[{"start":{"line":75,"column":29},"end":{"line":75,"column":82}}]},"24":{"type":"branch","line":76,"loc":{"start":{"line":76,"column":29},"end":{"line":76,"column":82}},"locations":[{"start":{"line":76,"column":29},"end":{"line":76,"column":82}}]},"25":{"type":"branch","line":77,"loc":{"start":{"line":77,"column":29},"end":{"line":77,"column":84}},"locations":[{"start":{"line":77,"column":29},"end":{"line":77,"column":84}}]},"26":{"type":"branch","line":78,"loc":{"start":{"line":78,"column":29},"end":{"line":81,"column":19}},"locations":[{"start":{"line":78,"column":29},"end":{"line":81,"column":19}}]},"27":{"type":"branch","line":82,"loc":{"start":{"line":82,"column":29},"end":{"line":82,"column":74}},"locations":[{"start":{"line":82,"column":29},"end":{"line":82,"column":74}}]},"28":{"type":"branch","line":83,"loc":{"start":{"line":83,"column":29},"end":{"line":83,"column":96}},"locations":[{"start":{"line":83,"column":29},"end":{"line":83,"column":96}}]},"29":{"type":"branch","line":84,"loc":{"start":{"line":84,"column":29},"end":{"line":84,"column":82}},"locations":[{"start":{"line":84,"column":29},"end":{"line":84,"column":82}}]},"30":{"type":"branch","line":85,"loc":{"start":{"line":85,"column":29},"end":{"line":85,"column":82}},"locations":[{"start":{"line":85,"column":29},"end":{"line":85,"column":82}}]},"31":{"type":"branch","line":86,"loc":{"start":{"line":86,"column":29},"end":{"line":89,"column":19}},"locations":[{"start":{"line":86,"column":29},"end":{"line":89,"column":19}}]},"32":{"type":"branch","line":90,"loc":{"start":{"line":90,"column":29},"end":{"line":90,"column":78}},"locations":[{"start":{"line":90,"column":29},"end":{"line":90,"column":78}}]},"33":{"type":"branch","line":91,"loc":{"start":{"line":91,"column":29},"end":{"line":91,"column":82}},"locations":[{"start":{"line":91,"column":29},"end":{"line":91,"column":82}}]},"34":{"type":"branch","line":95,"loc":{"start":{"line":95,"column":120},"end":{"line":95,"column":145}},"locations":[{"start":{"line":95,"column":120},"end":{"line":95,"column":145}}]},"35":{"type":"branch","line":99,"loc":{"start":{"line":99,"column":129},"end":{"line":99,"column":160}},"locations":[{"start":{"line":99,"column":129},"end":{"line":99,"column":160}}]},"36":{"type":"branch","line":103,"loc":{"start":{"line":103,"column":141},"end":{"line":103,"column":180}},"locations":[{"start":{"line":103,"column":141},"end":{"line":103,"column":180}}]},"37":{"type":"branch","line":107,"loc":{"start":{"line":107,"column":132},"end":{"line":107,"column":165}},"locations":[{"start":{"line":107,"column":132},"end":{"line":107,"column":165}}]},"38":{"type":"branch","line":113,"loc":{"start":{"line":113,"column":135},"end":{"line":113,"column":170}},"locations":[{"start":{"line":113,"column":135},"end":{"line":113,"column":170}}]},"39":{"type":"branch","line":117,"loc":{"start":{"line":117,"column":129},"end":{"line":117,"column":160}},"locations":[{"start":{"line":117,"column":129},"end":{"line":117,"column":160}}]},"40":{"type":"branch","line":121,"loc":{"start":{"line":121,"column":135},"end":{"line":124,"column":22}},"locations":[{"start":{"line":121,"column":135},"end":{"line":124,"column":22}}]},"41":{"type":"branch","line":128,"loc":{"start":{"line":128,"column":138},"end":{"line":131,"column":22}},"locations":[{"start":{"line":128,"column":138},"end":{"line":131,"column":22}}]},"42":{"type":"branch","line":129,"loc":{"start":{"line":129,"column":43},"end":{"line":129,"column":65}},"locations":[{"start":{"line":129,"column":43},"end":{"line":129,"column":65}}]}},"b":{"0":[97],"1":[50],"2":[15],"3":[35],"4":[13],"5":[37],"6":[11],"7":[39],"8":[9],"9":[41],"10":[7],"11":[43],"12":[7],"13":[43],"14":[45],"15":[5],"16":[32],"17":[0],"18":[2],"19":[2],"20":[2],"21":[2],"22":[2],"23":[2],"24":[2],"25":[2],"26":[2],"27":[2],"28":[2],"29":[2],"30":[2],"31":[2],"32":[2],"33":[2],"34":[2],"35":[2],"36":[2],"37":[2],"38":[2],"39":[2],"40":[1],"41":[2],"42":[1]},"fnMap":{"0":{"name":"CalculatorPage","decl":{"start":{"line":6,"column":23},"end":{"line":140,"column":1}},"loc":{"start":{"line":6,"column":23},"end":{"line":140,"column":1}},"line":6},"1":{"name":"minimumZero","decl":{"start":{"line":61,"column":24},"end":{"line":64,"column":5}},"loc":{"start":{"line":61,"column":24},"end":{"line":64,"column":5}},"line":61},"2":{"name":"fn","decl":{"start":{"line":70,"column":29},"end":{"line":70,"column":76}},"loc":{"start":{"line":70,"column":29},"end":{"line":70,"column":76}},"line":70},"3":{"name":"fn","decl":{"start":{"line":71,"column":29},"end":{"line":71,"column":76}},"loc":{"start":{"line":71,"column":29},"end":{"line":71,"column":76}},"line":71},"4":{"name":"fn","decl":{"start":{"line":72,"column":29},"end":{"line":72,"column":90}},"loc":{"start":{"line":72,"column":29},"end":{"line":72,"column":90}},"line":72},"5":{"name":"fn","decl":{"start":{"line":73,"column":29},"end":{"line":73,"column":86}},"loc":{"start":{"line":73,"column":29},"end":{"line":73,"column":86}},"line":73},"6":{"name":"fn","decl":{"start":{"line":74,"column":29},"end":{"line":74,"column":82}},"loc":{"start":{"line":74,"column":29},"end":{"line":74,"column":82}},"line":74},"7":{"name":"fn","decl":{"start":{"line":75,"column":29},"end":{"line":75,"column":82}},"loc":{"start":{"line":75,"column":29},"end":{"line":75,"column":82}},"line":75},"8":{"name":"fn","decl":{"start":{"line":76,"column":29},"end":{"line":76,"column":82}},"loc":{"start":{"line":76,"column":29},"end":{"line":76,"column":82}},"line":76},"9":{"name":"fn","decl":{"start":{"line":77,"column":29},"end":{"line":77,"column":84}},"loc":{"start":{"line":77,"column":29},"end":{"line":77,"column":84}},"line":77},"10":{"name":"fn","decl":{"start":{"line":78,"column":29},"end":{"line":81,"column":19}},"loc":{"start":{"line":78,"column":29},"end":{"line":81,"column":19}},"line":78},"11":{"name":"fn","decl":{"start":{"line":82,"column":29},"end":{"line":82,"column":74}},"loc":{"start":{"line":82,"column":29},"end":{"line":82,"column":74}},"line":82},"12":{"name":"fn","decl":{"start":{"line":83,"column":29},"end":{"line":83,"column":96}},"loc":{"start":{"line":83,"column":29},"end":{"line":83,"column":96}},"line":83},"13":{"name":"fn","decl":{"start":{"line":84,"column":29},"end":{"line":84,"column":82}},"loc":{"start":{"line":84,"column":29},"end":{"line":84,"column":82}},"line":84},"14":{"name":"fn","decl":{"start":{"line":85,"column":29},"end":{"line":85,"column":82}},"loc":{"start":{"line":85,"column":29},"end":{"line":85,"column":82}},"line":85},"15":{"name":"fn","decl":{"start":{"line":86,"column":29},"end":{"line":89,"column":19}},"loc":{"start":{"line":86,"column":29},"end":{"line":89,"column":19}},"line":86},"16":{"name":"fn","decl":{"start":{"line":90,"column":29},"end":{"line":90,"column":78}},"loc":{"start":{"line":90,"column":29},"end":{"line":90,"column":78}},"line":90},"17":{"name":"fn","decl":{"start":{"line":91,"column":29},"end":{"line":91,"column":82}},"loc":{"start":{"line":91,"column":29},"end":{"line":91,"column":82}},"line":91},"18":{"name":"onChange","decl":{"start":{"line":95,"column":120},"end":{"line":95,"column":145}},"loc":{"start":{"line":95,"column":120},"end":{"line":95,"column":145}},"line":95},"19":{"name":"onChange","decl":{"start":{"line":99,"column":129},"end":{"line":99,"column":160}},"loc":{"start":{"line":99,"column":129},"end":{"line":99,"column":160}},"line":99},"20":{"name":"onChange","decl":{"start":{"line":103,"column":141},"end":{"line":103,"column":180}},"loc":{"start":{"line":103,"column":141},"end":{"line":103,"column":180}},"line":103},"21":{"name":"onChange","decl":{"start":{"line":107,"column":132},"end":{"line":107,"column":165}},"loc":{"start":{"line":107,"column":132},"end":{"line":107,"column":165}},"line":107},"22":{"name":"onChange","decl":{"start":{"line":113,"column":135},"end":{"line":113,"column":170}},"loc":{"start":{"line":113,"column":135},"end":{"line":113,"column":170}},"line":113},"23":{"name":"onChange","decl":{"start":{"line":117,"column":129},"end":{"line":117,"column":160}},"loc":{"start":{"line":117,"column":129},"end":{"line":117,"column":160}},"line":117},"24":{"name":"onChange","decl":{"start":{"line":121,"column":135},"end":{"line":124,"column":22}},"loc":{"start":{"line":121,"column":135},"end":{"line":124,"column":22}},"line":121},"25":{"name":"onChange","decl":{"start":{"line":128,"column":138},"end":{"line":131,"column":22}},"loc":{"start":{"line":128,"column":138},"end":{"line":131,"column":22}},"line":128}},"f":{"0":97,"1":32,"2":2,"3":2,"4":2,"5":2,"6":2,"7":2,"8":2,"9":2,"10":2,"11":2,"12":2,"13":2,"14":2,"15":2,"16":2,"17":2,"18":2,"19":2,"20":2,"21":2,"22":2,"23":2,"24":1,"25":2}}
,"C:\\Users\\logan\\Desktop\\School\\CSCI342\\CSCI342-Group4\\ror2wiki\\src\\Pages\\CommunityPage.jsx": {"path":"C:\\Users\\logan\\Desktop\\School\\CSCI342\\CSCI342-Group4\\ror2wiki\\src\\Pages\\CommunityPage.jsx","all":true,"statementMap":{"0":{"start":{"line":1,"column":0},"end":{"line":1,"column":48}},"1":{"start":{"line":2,"column":0},"end":{"line":2,"column":38}},"2":{"start":{"line":3,"column":0},"end":{"line":3,"column":44}},"3":{"start":{"line":4,"column":0},"end":{"line":4,"column":42}},"4":{"start":{"line":5,"column":0},"end":{"line":5,"column":54}},"5":{"start":{"line":6,"column":0},"end":{"line":6,"column":25}},"6":{"start":{"line":7,"column":0},"end":{"line":7,"column":0}},"7":{"start":{"line":8,"column":0},"end":{"line":8,"column":0}},"8":{"start":{"line":9,"column":0},"end":{"line":9,"column":25}},"9":{"start":{"line":10,"column":0},"end":{"line":10,"column":22}},"10":{"start":{"line":11,"column":0},"end":{"line":11,"column":20}},"11":{"start":{"line":12,"column":0},"end":{"line":12,"column":25}},"12":{"start":{"line":13,"column":0},"end":{"line":13,"column":4}},"13":{"start":{"line":14,"column":0},"end":{"line":14,"column":0}},"14":{"start":{"line":15,"column":0},"end":{"line":15,"column":22}},"15":{"start":{"line":16,"column":0},"end":{"line":16,"column":210}},"16":{"start":{"line":17,"column":0},"end":{"line":17,"column":210}},"17":{"start":{"line":18,"column":0},"end":{"line":18,"column":210}},"18":{"start":{"line":19,"column":0},"end":{"line":19,"column":4}},"19":{"start":{"line":20,"column":0},"end":{"line":20,"column":0}},"20":{"start":{"line":21,"column":0},"end":{"line":21,"column":29}},"21":{"start":{"line":22,"column":0},"end":{"line":22,"column":64}},"22":{"start":{"line":23,"column":0},"end":{"line":23,"column":67}},"23":{"start":{"line":24,"column":0},"end":{"line":24,"column":3}},"24":{"start":{"line":25,"column":0},"end":{"line":25,"column":0}},"25":{"start":{"line":26,"column":0},"end":{"line":26,"column":29}},"26":{"start":{"line":27,"column":0},"end":{"line":27,"column":57}},"27":{"start":{"line":28,"column":0},"end":{"line":28,"column":43}},"28":{"start":{"line":29,"column":0},"end":{"line":29,"column":52}},"29":{"start":{"line":30,"column":0},"end":{"line":30,"column":46}},"30":{"start":{"line":31,"column":0},"end":{"line":31,"column":0}},"31":{"start":{"line":32,"column":0},"end":{"line":32,"column":47}},"32":{"start":{"line":33,"column":0},"end":{"line":33,"column":0}},"33":{"start":{"line":34,"column":0},"end":{"line":34,"column":71}},"34":{"start":{"line":35,"column":0},"end":{"line":35,"column":41}},"35":{"start":{"line":36,"column":0},"end":{"line":36,"column":9}},"36":{"start":{"line":37,"column":0},"end":{"line":37,"column":0}},"37":{"start":{"line":38,"column":0},"end":{"line":38,"column":40}},"38":{"start":{"line":39,"column":0},"end":{"line":39,"column":31}},"39":{"start":{"line":40,"column":0},"end":{"line":40,"column":27}},"40":{"start":{"line":41,"column":0},"end":{"line":41,"column":5}},"41":{"start":{"line":42,"column":0},"end":{"line":42,"column":4}},"42":{"start":{"line":43,"column":0},"end":{"line":43,"column":34}},"43":{"start":{"line":44,"column":0},"end":{"line":44,"column":31}},"44":{"start":{"line":45,"column":0},"end":{"line":45,"column":5}},"45":{"start":{"line":46,"column":0},"end":{"line":46,"column":0}},"46":{"start":{"line":47,"column":0},"end":{"line":47,"column":38}},"47":{"start":{"line":48,"column":0},"end":{"line":48,"column":32}},"48":{"start":{"line":49,"column":0},"end":{"line":49,"column":5}},"49":{"start":{"line":50,"column":0},"end":{"line":50,"column":0}},"50":{"start":{"line":51,"column":0},"end":{"line":51,"column":0}},"51":{"start":{"line":52,"column":0},"end":{"line":52,"column":21}},"52":{"start":{"line":53,"column":0},"end":{"line":53,"column":52}},"53":{"start":{"line":54,"column":0},"end":{"line":54,"column":13}},"54":{"start":{"line":55,"column":0},"end":{"line":55,"column":54}},"55":{"start":{"line":56,"column":0},"end":{"line":56,"column":30}},"56":{"start":{"line":57,"column":0},"end":{"line":57,"column":26}},"57":{"start":{"line":58,"column":0},"end":{"line":58,"column":51}},"58":{"start":{"line":59,"column":0},"end":{"line":59,"column":14}},"59":{"start":{"line":60,"column":0},"end":{"line":60,"column":14}},"60":{"start":{"line":61,"column":0},"end":{"line":61,"column":33}},"61":{"start":{"line":62,"column":0},"end":{"line":62,"column":35}},"62":{"start":{"line":63,"column":0},"end":{"line":63,"column":67}},"63":{"start":{"line":64,"column":0},"end":{"line":64,"column":17}},"64":{"start":{"line":65,"column":0},"end":{"line":65,"column":39}},"65":{"start":{"line":66,"column":0},"end":{"line":66,"column":14}},"66":{"start":{"line":67,"column":0},"end":{"line":67,"column":27}},"67":{"start":{"line":68,"column":0},"end":{"line":68,"column":46}},"68":{"start":{"line":69,"column":0},"end":{"line":69,"column":37}},"69":{"start":{"line":70,"column":0},"end":{"line":70,"column":14}},"70":{"start":{"line":71,"column":0},"end":{"line":71,"column":31}},"71":{"start":{"line":72,"column":0},"end":{"line":72,"column":78}},"72":{"start":{"line":73,"column":0},"end":{"line":73,"column":15}},"73":{"start":{"line":74,"column":0},"end":{"line":74,"column":13}},"74":{"start":{"line":75,"column":0},"end":{"line":75,"column":25}},"75":{"start":{"line":76,"column":0},"end":{"line":76,"column":35}},"76":{"start":{"line":77,"column":0},"end":{"line":77,"column":13}},"77":{"start":{"line":78,"column":0},"end":{"line":78,"column":0}},"78":{"start":{"line":79,"column":0},"end":{"line":79,"column":17}},"79":{"start":{"line":80,"column":0},"end":{"line":80,"column":0}},"80":{"start":{"line":81,"column":0},"end":{"line":81,"column":0}},"81":{"start":{"line":82,"column":0},"end":{"line":82,"column":4}},"82":{"start":{"line":83,"column":0},"end":{"line":83,"column":58}},"83":{"start":{"line":84,"column":0},"end":{"line":84,"column":35}},"84":{"start":{"line":85,"column":0},"end":{"line":85,"column":2}},"85":{"start":{"line":86,"column":0},"end":{"line":86,"column":46}},"86":{"start":{"line":87,"column":0},"end":{"line":87,"column":13}},"87":{"start":{"line":88,"column":0},"end":{"line":88,"column":54}},"88":{"start":{"line":89,"column":0},"end":{"line":89,"column":31}},"89":{"start":{"line":90,"column":0},"end":{"line":90,"column":26}},"90":{"start":{"line":91,"column":0},"end":{"line":91,"column":51}},"91":{"start":{"line":92,"column":0},"end":{"line":92,"column":38}},"92":{"start":{"line":93,"column":0},"end":{"line":93,"column":18}},"93":{"start":{"line":94,"column":0},"end":{"line":94,"column":42}},"94":{"start":{"line":95,"column":0},"end":{"line":95,"column":33}},"95":{"start":{"line":96,"column":0},"end":{"line":96,"column":35}},"96":{"start":{"line":97,"column":0},"end":{"line":97,"column":67}},"97":{"start":{"line":98,"column":0},"end":{"line":98,"column":17}},"98":{"start":{"line":99,"column":0},"end":{"line":99,"column":39}},"99":{"start":{"line":100,"column":0},"end":{"line":100,"column":14}},"100":{"start":{"line":101,"column":0},"end":{"line":101,"column":27}},"101":{"start":{"line":102,"column":0},"end":{"line":102,"column":55}},"102":{"start":{"line":103,"column":0},"end":{"line":103,"column":40}},"103":{"start":{"line":104,"column":0},"end":{"line":104,"column":35}},"104":{"start":{"line":105,"column":0},"end":{"line":105,"column":14}},"105":{"start":{"line":106,"column":0},"end":{"line":106,"column":29}},"106":{"start":{"line":107,"column":0},"end":{"line":107,"column":53}},"107":{"start":{"line":108,"column":0},"end":{"line":108,"column":15}},"108":{"start":{"line":109,"column":0},"end":{"line":109,"column":0}},"109":{"start":{"line":110,"column":0},"end":{"line":110,"column":23}},"110":{"start":{"line":111,"column":0},"end":{"line":111,"column":31}},"111":{"start":{"line":112,"column":0},"end":{"line":112,"column":9}},"112":{"start":{"line":113,"column":0},"end":{"line":113,"column":5}},"113":{"start":{"line":114,"column":0},"end":{"line":114,"column":4}},"114":{"start":{"line":115,"column":0},"end":{"line":115,"column":0}},"115":{"start":{"line":116,"column":0},"end":{"line":116,"column":13}},"116":{"start":{"line":117,"column":0},"end":{"line":117,"column":10}},"117":{"start":{"line":118,"column":0},"end":{"line":118,"column":38}},"118":{"start":{"line":119,"column":0},"end":{"line":119,"column":9}},"119":{"start":{"line":120,"column":0},"end":{"line":120,"column":37}},"120":{"start":{"line":121,"column":0},"end":{"line":121,"column":76}},"121":{"start":{"line":122,"column":0},"end":{"line":122,"column":148}},"122":{"start":{"line":123,"column":0},"end":{"line":123,"column":37}},"123":{"start":{"line":124,"column":0},"end":{"line":124,"column":92}},"124":{"start":{"line":125,"column":0},"end":{"line":125,"column":84}},"125":{"start":{"line":126,"column":0},"end":{"line":126,"column":111}},"126":{"start":{"line":127,"column":0},"end":{"line":127,"column":42}},"127":{"start":{"line":128,"column":0},"end":{"line":128,"column":51}},"128":{"start":{"line":129,"column":0},"end":{"line":129,"column":75}},"129":{"start":{"line":130,"column":0},"end":{"line":130,"column":100}},"130":{"start":{"line":131,"column":0},"end":{"line":131,"column":62}},"131":{"start":{"line":132,"column":0},"end":{"line":132,"column":38}},"132":{"start":{"line":133,"column":0},"end":{"line":133,"column":115}},"133":{"start":{"line":134,"column":0},"end":{"line":134,"column":45}},"134":{"start":{"line":135,"column":0},"end":{"line":135,"column":77}},"135":{"start":{"line":136,"column":0},"end":{"line":136,"column":116}},"136":{"start":{"line":137,"column":0},"end":{"line":137,"column":64}},"137":{"start":{"line":138,"column":0},"end":{"line":138,"column":38}},"138":{"start":{"line":139,"column":0},"end":{"line":139,"column":38}},"139":{"start":{"line":140,"column":0},"end":{"line":140,"column":115}},"140":{"start":{"line":141,"column":0},"end":{"line":141,"column":130}},"141":{"start":{"line":142,"column":0},"end":{"line":142,"column":35}},"142":{"start":{"line":143,"column":0},"end":{"line":143,"column":29}},"143":{"start":{"line":144,"column":0},"end":{"line":144,"column":129}},"144":{"start":{"line":145,"column":0},"end":{"line":145,"column":26}},"145":{"start":{"line":146,"column":0},"end":{"line":146,"column":26}},"146":{"start":{"line":147,"column":0},"end":{"line":147,"column":21}},"147":{"start":{"line":148,"column":0},"end":{"line":148,"column":52}},"148":{"start":{"line":149,"column":0},"end":{"line":149,"column":36}},"149":{"start":{"line":150,"column":0},"end":{"line":150,"column":49}},"150":{"start":{"line":151,"column":0},"end":{"line":151,"column":54}},"151":{"start":{"line":152,"column":0},"end":{"line":152,"column":56}},"152":{"start":{"line":153,"column":0},"end":{"line":153,"column":58}},"153":{"start":{"line":154,"column":0},"end":{"line":154,"column":60}},"154":{"start":{"line":155,"column":0},"end":{"line":155,"column":52}},"155":{"start":{"line":156,"column":0},"end":{"line":156,"column":74}},"156":{"start":{"line":157,"column":0},"end":{"line":157,"column":39}},"157":{"start":{"line":158,"column":0},"end":{"line":158,"column":29}},"158":{"start":{"line":159,"column":0},"end":{"line":159,"column":26}},"159":{"start":{"line":160,"column":0},"end":{"line":160,"column":21}},"160":{"start":{"line":161,"column":0},"end":{"line":161,"column":22}},"161":{"start":{"line":162,"column":0},"end":{"line":162,"column":17}},"162":{"start":{"line":163,"column":0},"end":{"line":163,"column":21}},"163":{"start":{"line":164,"column":0},"end":{"line":164,"column":53}},"164":{"start":{"line":165,"column":0},"end":{"line":165,"column":55}},"165":{"start":{"line":166,"column":0},"end":{"line":166,"column":57}},"166":{"start":{"line":167,"column":0},"end":{"line":167,"column":59}},"167":{"start":{"line":168,"column":0},"end":{"line":168,"column":35}},"168":{"start":{"line":169,"column":0},"end":{"line":169,"column":54}},"169":{"start":{"line":170,"column":0},"end":{"line":170,"column":59}},"170":{"start":{"line":171,"column":0},"end":{"line":171,"column":21}},"171":{"start":{"line":172,"column":0},"end":{"line":172,"column":23}},"172":{"start":{"line":173,"column":0},"end":{"line":173,"column":13}},"173":{"start":{"line":174,"column":0},"end":{"line":174,"column":9}},"174":{"start":{"line":175,"column":0},"end":{"line":175,"column":11}},"175":{"start":{"line":176,"column":0},"end":{"line":176,"column":7}},"176":{"start":{"line":177,"column":0},"end":{"line":177,"column":1}},"177":{"start":{"line":178,"column":0},"end":{"line":178,"column":1}},"178":{"start":{"line":179,"column":0},"end":{"line":179,"column":29}}},"s":{"0":0,"1":0,"2":0,"3":0,"4":0,"5":0,"6":0,"7":0,"8":0,"9":0,"10":0,"11":0,"12":0,"13":0,"14":0,"15":0,"16":0,"17":0,"18":0,"19":0,"20":0,"21":0,"22":0,"23":0,"24":0,"25":0,"26":0,"27":0,"28":0,"29":0,"30":0,"31":0,"32":0,"33":0,"34":0,"35":0,"36":0,"37":0,"38":0,"39":0,"40":0,"41":0,"42":0,"43":0,"44":0,"45":0,"46":0,"47":0,"48":0,"49":0,"50":0,"51":0,"52":0,"53":0,"54":0,"55":0,"56":0,"57":0,"58":0,"59":0,"60":0,"61":0,"62":0,"63":0,"64":0,"65":0,"66":0,"67":0,"68":0,"69":0,"70":0,"71":0,"72":0,"73":0,"74":0,"75":0,"76":0,"77":0,"78":0,"79":0,"80":0,"81":0,"82":0,"83":0,"84":0,"85":0,"86":0,"87":0,"88":0,"89":0,"90":0,"91":0,"92":0,"93":0,"94":0,"95":0,"96":0,"97":0,"98":0,"99":0,"100":0,"101":0,"102":0,"103":0,"104":0,"105":0,"106":0,"107":0,"108":0,"109":0,"110":0,"111":0,"112":0,"113":0,"114":0,"115":0,"116":0,"117":0,"118":0,"119":0,"120":0,"121":0,"122":0,"123":0,"124":0,"125":0,"126":0,"127":0,"128":0,"129":0,"130":0,"131":0,"132":0,"133":0,"134":0,"135":0,"136":0,"137":0,"138":0,"139":0,"140":0,"141":0,"142":0,"143":0,"144":0,"145":0,"146":0,"147":0,"148":0,"149":0,"150":0,"151":0,"152":0,"153":0,"154":0,"155":0,"156":0,"157":0,"158":0,"159":0,"160":0,"161":0,"162":0,"163":0,"164":0,"165":0,"166":0,"167":0,"168":0,"169":0,"170":0,"171":0,"172":0,"173":0,"174":0,"175":0,"176":0,"177":0,"178":0},"branchMap":{"0":{"type":"branch","line":1,"loc":{"start":{"line":1,"column":0},"end":{"line":179,"column":29}},"locations":[{"start":{"line":1,"column":0},"end":{"line":179,"column":29}}]}},"b":{"0":[0]},"fnMap":{"0":{"name":"(empty-report)","decl":{"start":{"line":1,"column":0},"end":{"line":179,"column":29}},"loc":{"start":{"line":1,"column":0},"end":{"line":179,"column":29}},"line":1}},"f":{"0":0}}
,"C:\\Users\\logan\\Desktop\\School\\CSCI342\\CSCI342-Group4\\ror2wiki\\src\\Pages\\EnvironmentsPage.jsx": {"path":"C:\\Users\\logan\\Desktop\\School\\CSCI342\\CSCI342-Group4\\ror2wiki\\src\\Pages\\EnvironmentsPage.jsx","all":false,"statementMap":{"0":{"start":{"line":1,"column":0},"end":{"line":1,"column":48}},"1":{"start":{"line":2,"column":0},"end":{"line":2,"column":46}},"2":{"start":{"line":3,"column":0},"end":{"line":3,"column":0}},"3":{"start":{"line":4,"column":0},"end":{"line":4,"column":14}},"4":{"start":{"line":5,"column":0},"end":{"line":5,"column":50}},"5":{"start":{"line":6,"column":0},"end":{"line":6,"column":51}},"6":{"start":{"line":7,"column":0},"end":{"line":7,"column":58}},"7":{"start":{"line":8,"column":0},"end":{"line":8,"column":55}},"8":{"start":{"line":9,"column":0},"end":{"line":9,"column":51}},"9":{"start":{"line":10,"column":0},"end":{"line":10,"column":61}},"10":{"start":{"line":11,"column":0},"end":{"line":11,"column":53}},"11":{"start":{"line":12,"column":0},"end":{"line":12,"column":51}},"12":{"start":{"line":13,"column":0},"end":{"line":13,"column":55}},"13":{"start":{"line":14,"column":0},"end":{"line":14,"column":51}},"14":{"start":{"line":15,"column":0},"end":{"line":15,"column":49}},"15":{"start":{"line":16,"column":0},"end":{"line":16,"column":51}},"16":{"start":{"line":17,"column":0},"end":{"line":17,"column":47}},"17":{"start":{"line":18,"column":0},"end":{"line":18,"column":53}},"18":{"start":{"line":19,"column":0},"end":{"line":19,"column":1}},"19":{"start":{"line":20,"column":0},"end":{"line":20,"column":0}},"20":{"start":{"line":21,"column":0},"end":{"line":21,"column":21}},"21":{"start":{"line":22,"column":0},"end":{"line":22,"column":61}},"22":{"start":{"line":23,"column":0},"end":{"line":23,"column":57}},"23":{"start":{"line":24,"column":0},"end":{"line":24,"column":54}},"24":{"start":{"line":25,"column":0},"end":{"line":25,"column":53}},"25":{"start":{"line":26,"column":0},"end":{"line":26,"column":75}},"26":{"start":{"line":27,"column":0},"end":{"line":27,"column":71}},"27":{"start":{"line":28,"column":0},"end":{"line":28,"column":58}},"28":{"start":{"line":29,"column":0},"end":{"line":29,"column":77}},"29":{"start":{"line":30,"column":0},"end":{"line":30,"column":1}},"30":{"start":{"line":31,"column":0},"end":{"line":31,"column":0}},"31":{"start":{"line":32,"column":0},"end":{"line":32,"column":46}},"32":{"start":{"line":33,"column":0},"end":{"line":33,"column":12}},"33":{"start":{"line":34,"column":0},"end":{"line":34,"column":25}},"34":{"start":{"line":35,"column":0},"end":{"line":35,"column":33}},"35":{"start":{"line":36,"column":0},"end":{"line":36,"column":27}},"36":{"start":{"line":37,"column":0},"end":{"line":37,"column":70}},"37":{"start":{"line":38,"column":0},"end":{"line":38,"column":32}},"38":{"start":{"line":39,"column":0},"end":{"line":39,"column":5}},"39":{"start":{"line":40,"column":0},"end":{"line":40,"column":2}},"40":{"start":{"line":41,"column":0},"end":{"line":41,"column":0}},"41":{"start":{"line":42,"column":0},"end":{"line":42,"column":32}},"42":{"start":{"line":43,"column":0},"end":{"line":43,"column":13}},"43":{"start":{"line":44,"column":0},"end":{"line":44,"column":10}},"44":{"start":{"line":45,"column":0},"end":{"line":45,"column":45}},"45":{"start":{"line":46,"column":0},"end":{"line":46,"column":56}},"46":{"start":{"line":47,"column":0},"end":{"line":47,"column":46}},"47":{"start":{"line":48,"column":0},"end":{"line":48,"column":49}},"48":{"start":{"line":49,"column":0},"end":{"line":49,"column":53}},"49":{"start":{"line":50,"column":0},"end":{"line":50,"column":11}},"50":{"start":{"line":51,"column":0},"end":{"line":51,"column":7}},"51":{"start":{"line":52,"column":0},"end":{"line":52,"column":1}},"52":{"start":{"line":53,"column":0},"end":{"line":53,"column":1}},"53":{"start":{"line":54,"column":0},"end":{"line":54,"column":32}}},"s":{"0":1,"1":1,"2":1,"3":1,"4":1,"5":1,"6":1,"7":1,"8":1,"9":1,"10":1,"11":1,"12":1,"13":1,"14":1,"15":1,"16":1,"17":1,"18":1,"19":1,"20":1,"21":1,"22":1,"23":1,"24":1,"25":1,"26":1,"27":1,"28":1,"29":1,"30":1,"31":1,"32":44,"33":44,"34":44,"35":44,"36":44,"37":44,"38":44,"39":44,"40":1,"41":1,"42":2,"43":2,"44":2,"45":2,"46":2,"47":2,"48":2,"49":2,"50":2,"51":2,"52":1,"53":1},"branchMap":{"0":{"type":"branch","line":32,"loc":{"start":{"line":32,"column":17},"end":{"line":40,"column":2}},"locations":[{"start":{"line":32,"column":17},"end":{"line":40,"column":2}}]},"1":{"type":"branch","line":32,"loc":{"start":{"line":32,"column":36},"end":{"line":40,"column":2}},"locations":[{"start":{"line":32,"column":36},"end":{"line":40,"column":2}}]},"2":{"type":"branch","line":42,"loc":{"start":{"line":42,"column":25},"end":{"line":52,"column":1}},"locations":[{"start":{"line":42,"column":25},"end":{"line":52,"column":1}}]}},"b":{"0":[4],"1":[44],"2":[2]},"fnMap":{"0":{"name":"envCards","decl":{"start":{"line":32,"column":17},"end":{"line":40,"column":2}},"loc":{"start":{"line":32,"column":17},"end":{"line":40,"column":2}},"line":32},"1":{"name":"EnvironmentsPage","decl":{"start":{"line":42,"column":25},"end":{"line":52,"column":1}},"loc":{"start":{"line":42,"column":25},"end":{"line":52,"column":1}},"line":42}},"f":{"0":4,"1":2}}
,"C:\\Users\\logan\\Desktop\\School\\CSCI342\\CSCI342-Group4\\ror2wiki\\src\\Pages\\HomePage.jsx": {"path":"C:\\Users\\logan\\Desktop\\School\\CSCI342\\CSCI342-Group4\\ror2wiki\\src\\Pages\\HomePage.jsx","all":true,"statementMap":{"0":{"start":{"line":1,"column":0},"end":{"line":1,"column":40}},"1":{"start":{"line":2,"column":0},"end":{"line":2,"column":37}},"2":{"start":{"line":3,"column":0},"end":{"line":3,"column":46}},"3":{"start":{"line":4,"column":0},"end":{"line":4,"column":48}},"4":{"start":{"line":5,"column":0},"end":{"line":5,"column":0}},"5":{"start":{"line":6,"column":0},"end":{"line":6,"column":18}},"6":{"start":{"line":7,"column":0},"end":{"line":7,"column":80}},"7":{"start":{"line":8,"column":0},"end":{"line":8,"column":80}},"8":{"start":{"line":9,"column":0},"end":{"line":9,"column":75}},"9":{"start":{"line":10,"column":0},"end":{"line":10,"column":2}},"10":{"start":{"line":11,"column":0},"end":{"line":11,"column":0}},"11":{"start":{"line":12,"column":0},"end":{"line":12,"column":18}},"12":{"start":{"line":13,"column":0},"end":{"line":13,"column":95}},"13":{"start":{"line":14,"column":0},"end":{"line":14,"column":91}},"14":{"start":{"line":15,"column":0},"end":{"line":15,"column":95}},"15":{"start":{"line":16,"column":0},"end":{"line":16,"column":1}},"16":{"start":{"line":17,"column":0},"end":{"line":17,"column":0}},"17":{"start":{"line":18,"column":0},"end":{"line":18,"column":15}},"18":{"start":{"line":19,"column":0},"end":{"line":19,"column":53}},"19":{"start":{"line":20,"column":0},"end":{"line":20,"column":44}},"20":{"start":{"line":21,"column":0},"end":{"line":21,"column":34}},"21":{"start":{"line":22,"column":0},"end":{"line":22,"column":45}},"22":{"start":{"line":23,"column":0},"end":{"line":23,"column":1}},"23":{"start":{"line":24,"column":0},"end":{"line":24,"column":0}},"24":{"start":{"line":25,"column":0},"end":{"line":25,"column":24}},"25":{"start":{"line":26,"column":0},"end":{"line":26,"column":12}},"26":{"start":{"line":27,"column":0},"end":{"line":27,"column":10}},"27":{"start":{"line":28,"column":0},"end":{"line":28,"column":40}},"28":{"start":{"line":29,"column":0},"end":{"line":29,"column":40}},"29":{"start":{"line":30,"column":0},"end":{"line":30,"column":40}},"30":{"start":{"line":31,"column":0},"end":{"line":31,"column":44}},"31":{"start":{"line":32,"column":0},"end":{"line":32,"column":37}},"32":{"start":{"line":33,"column":0},"end":{"line":33,"column":11}},"33":{"start":{"line":34,"column":0},"end":{"line":34,"column":6}},"34":{"start":{"line":35,"column":0},"end":{"line":35,"column":1}},"35":{"start":{"line":36,"column":0},"end":{"line":36,"column":1}},"36":{"start":{"line":37,"column":0},"end":{"line":37,"column":24}}},"s":{"0":0,"1":0,"2":0,"3":0,"4":0,"5":0,"6":0,"7":0,"8":0,"9":0,"10":0,"11":0,"12":0,"13":0,"14":0,"15":0,"16":0,"17":0,"18":0,"19":0,"20":0,"21":0,"22":0,"23":0,"24":0,"25":0,"26":0,"27":0,"28":0,"29":0,"30":0,"31":0,"32":0,"33":0,"34":0,"35":0,"36":0},"branchMap":{"0":{"type":"branch","line":1,"loc":{"start":{"line":1,"column":0},"end":{"line":37,"column":24}},"locations":[{"start":{"line":1,"column":0},"end":{"line":37,"column":24}}]}},"b":{"0":[0]},"fnMap":{"0":{"name":"(empty-report)","decl":{"start":{"line":1,"column":0},"end":{"line":37,"column":24}},"loc":{"start":{"line":1,"column":0},"end":{"line":37,"column":24}},"line":1}},"f":{"0":0}}
,"C:\\Users\\logan\\Desktop\\School\\CSCI342\\CSCI342-Group4\\ror2wiki\\src\\Pages\\InteractablesPage.jsx": {"path":"C:\\Users\\logan\\Desktop\\School\\CSCI342\\CSCI342-Group4\\ror2wiki\\src\\Pages\\InteractablesPage.jsx","all":false,"statementMap":{"0":{"start":{"line":1,"column":0},"end":{"line":1,"column":48}},"1":{"start":{"line":2,"column":0},"end":{"line":2,"column":46}},"2":{"start":{"line":3,"column":0},"end":{"line":3,"column":0}},"3":{"start":{"line":4,"column":0},"end":{"line":4,"column":23}},"4":{"start":{"line":5,"column":0},"end":{"line":5,"column":117}},"5":{"start":{"line":6,"column":0},"end":{"line":6,"column":117}},"6":{"start":{"line":7,"column":0},"end":{"line":7,"column":156}},"7":{"start":{"line":8,"column":0},"end":{"line":8,"column":0}},"8":{"start":{"line":9,"column":0},"end":{"line":9,"column":98}},"9":{"start":{"line":10,"column":0},"end":{"line":10,"column":175}},"10":{"start":{"line":11,"column":0},"end":{"line":11,"column":118}},"11":{"start":{"line":12,"column":0},"end":{"line":12,"column":0}},"12":{"start":{"line":13,"column":0},"end":{"line":13,"column":149}},"13":{"start":{"line":14,"column":0},"end":{"line":14,"column":155}},"14":{"start":{"line":15,"column":0},"end":{"line":15,"column":151}},"15":{"start":{"line":16,"column":0},"end":{"line":16,"column":0}},"16":{"start":{"line":17,"column":0},"end":{"line":17,"column":103}},"17":{"start":{"line":18,"column":0},"end":{"line":18,"column":170}},"18":{"start":{"line":19,"column":0},"end":{"line":19,"column":138}},"19":{"start":{"line":20,"column":0},"end":{"line":20,"column":4}},"20":{"start":{"line":21,"column":0},"end":{"line":21,"column":101}},"21":{"start":{"line":22,"column":0},"end":{"line":22,"column":161}},"22":{"start":{"line":23,"column":0},"end":{"line":23,"column":126}},"23":{"start":{"line":24,"column":0},"end":{"line":24,"column":0}},"24":{"start":{"line":25,"column":0},"end":{"line":25,"column":189}},"25":{"start":{"line":26,"column":0},"end":{"line":26,"column":140}},"26":{"start":{"line":27,"column":0},"end":{"line":27,"column":154}},"27":{"start":{"line":28,"column":0},"end":{"line":28,"column":0}},"28":{"start":{"line":29,"column":0},"end":{"line":29,"column":108}},"29":{"start":{"line":30,"column":0},"end":{"line":30,"column":173}},"30":{"start":{"line":31,"column":0},"end":{"line":31,"column":177}},"31":{"start":{"line":32,"column":0},"end":{"line":32,"column":0}},"32":{"start":{"line":33,"column":0},"end":{"line":33,"column":145}},"33":{"start":{"line":34,"column":0},"end":{"line":34,"column":116}},"34":{"start":{"line":35,"column":0},"end":{"line":35,"column":220}},"35":{"start":{"line":36,"column":0},"end":{"line":36,"column":0}},"36":{"start":{"line":37,"column":0},"end":{"line":37,"column":136}},"37":{"start":{"line":38,"column":0},"end":{"line":38,"column":169}},"38":{"start":{"line":39,"column":0},"end":{"line":39,"column":143}},"39":{"start":{"line":40,"column":0},"end":{"line":40,"column":1}},"40":{"start":{"line":41,"column":0},"end":{"line":41,"column":0}},"41":{"start":{"line":42,"column":0},"end":{"line":42,"column":56}},"42":{"start":{"line":43,"column":0},"end":{"line":43,"column":12}},"43":{"start":{"line":44,"column":0},"end":{"line":44,"column":38}},"44":{"start":{"line":45,"column":0},"end":{"line":45,"column":29}},"45":{"start":{"line":46,"column":0},"end":{"line":46,"column":73}},"46":{"start":{"line":47,"column":0},"end":{"line":47,"column":29}},"47":{"start":{"line":48,"column":0},"end":{"line":48,"column":34}},"48":{"start":{"line":49,"column":0},"end":{"line":49,"column":5}},"49":{"start":{"line":50,"column":0},"end":{"line":50,"column":2}},"50":{"start":{"line":51,"column":0},"end":{"line":51,"column":0}},"51":{"start":{"line":52,"column":0},"end":{"line":52,"column":33}},"52":{"start":{"line":53,"column":0},"end":{"line":53,"column":13}},"53":{"start":{"line":54,"column":0},"end":{"line":54,"column":10}},"54":{"start":{"line":55,"column":0},"end":{"line":55,"column":46}},"55":{"start":{"line":56,"column":0},"end":{"line":56,"column":49}},"56":{"start":{"line":57,"column":0},"end":{"line":57,"column":11}},"57":{"start":{"line":58,"column":0},"end":{"line":58,"column":7}},"58":{"start":{"line":59,"column":0},"end":{"line":59,"column":1}},"59":{"start":{"line":60,"column":0},"end":{"line":60,"column":1}},"60":{"start":{"line":61,"column":0},"end":{"line":61,"column":33}}},"s":{"0":1,"1":1,"2":1,"3":1,"4":1,"5":1,"6":1,"7":1,"8":1,"9":1,"10":1,"11":1,"12":1,"13":1,"14":1,"15":1,"16":1,"17":1,"18":1,"19":1,"20":1,"21":1,"22":1,"23":1,"24":1,"25":1,"26":1,"27":1,"28":1,"29":1,"30":1,"31":1,"32":1,"33":1,"34":1,"35":1,"36":1,"37":1,"38":1,"39":1,"40":1,"41":1,"42":27,"43":27,"44":27,"45":27,"46":27,"47":27,"48":27,"49":27,"50":1,"51":1,"52":2,"53":2,"54":2,"55":2,"56":2,"57":2,"58":2,"59":1,"60":1},"branchMap":{"0":{"type":"branch","line":42,"loc":{"start":{"line":42,"column":44},"end":{"line":50,"column":2}},"locations":[{"start":{"line":42,"column":44},"end":{"line":50,"column":2}}]},"1":{"type":"branch","line":52,"loc":{"start":{"line":52,"column":26},"end":{"line":59,"column":1}},"locations":[{"start":{"line":52,"column":26},"end":{"line":59,"column":1}}]}},"b":{"0":[27],"1":[2]},"fnMap":{"0":{"name":"InteractablesPage","decl":{"start":{"line":52,"column":26},"end":{"line":59,"column":1}},"loc":{"start":{"line":52,"column":26},"end":{"line":59,"column":1}},"line":52}},"f":{"0":2}}
,"C:\\Users\\logan\\Desktop\\School\\CSCI342\\CSCI342-Group4\\ror2wiki\\src\\Pages\\ItemsPage.jsx": {"path":"C:\\Users\\logan\\Desktop\\School\\CSCI342\\CSCI342-Group4\\ror2wiki\\src\\Pages\\ItemsPage.jsx","all":false,"statementMap":{"0":{"start":{"line":1,"column":0},"end":{"line":1,"column":46}},"1":{"start":{"line":2,"column":0},"end":{"line":2,"column":48}},"2":{"start":{"line":3,"column":0},"end":{"line":3,"column":0}},"3":{"start":{"line":4,"column":0},"end":{"line":4,"column":22}},"4":{"start":{"line":5,"column":0},"end":{"line":5,"column":142}},"5":{"start":{"line":6,"column":0},"end":{"line":6,"column":133}},"6":{"start":{"line":7,"column":0},"end":{"line":7,"column":124}},"7":{"start":{"line":8,"column":0},"end":{"line":8,"column":174}},"8":{"start":{"line":9,"column":0},"end":{"line":9,"column":239}},"9":{"start":{"line":10,"column":0},"end":{"line":10,"column":169}},"10":{"start":{"line":11,"column":0},"end":{"line":11,"column":135}},"11":{"start":{"line":12,"column":0},"end":{"line":12,"column":172}},"12":{"start":{"line":13,"column":0},"end":{"line":13,"column":127}},"13":{"start":{"line":14,"column":0},"end":{"line":14,"column":140}},"14":{"start":{"line":15,"column":0},"end":{"line":15,"column":224}},"15":{"start":{"line":16,"column":0},"end":{"line":16,"column":131}},"16":{"start":{"line":17,"column":0},"end":{"line":17,"column":178}},"17":{"start":{"line":18,"column":0},"end":{"line":18,"column":170}},"18":{"start":{"line":19,"column":0},"end":{"line":19,"column":170}},"19":{"start":{"line":20,"column":0},"end":{"line":20,"column":191}},"20":{"start":{"line":21,"column":0},"end":{"line":21,"column":142}},"21":{"start":{"line":22,"column":0},"end":{"line":22,"column":131}},"22":{"start":{"line":23,"column":0},"end":{"line":23,"column":185}},"23":{"start":{"line":24,"column":0},"end":{"line":24,"column":167}},"24":{"start":{"line":25,"column":0},"end":{"line":25,"column":161}},"25":{"start":{"line":26,"column":0},"end":{"line":26,"column":157}},"26":{"start":{"line":27,"column":0},"end":{"line":27,"column":202}},"27":{"start":{"line":28,"column":0},"end":{"line":28,"column":129}},"28":{"start":{"line":29,"column":0},"end":{"line":29,"column":172}},"29":{"start":{"line":30,"column":0},"end":{"line":30,"column":144}},"30":{"start":{"line":31,"column":0},"end":{"line":31,"column":141}},"31":{"start":{"line":32,"column":0},"end":{"line":32,"column":156}},"32":{"start":{"line":33,"column":0},"end":{"line":33,"column":146}},"33":{"start":{"line":34,"column":0},"end":{"line":34,"column":230}},"34":{"start":{"line":35,"column":0},"end":{"line":35,"column":1}},"35":{"start":{"line":36,"column":0},"end":{"line":36,"column":0}},"36":{"start":{"line":37,"column":0},"end":{"line":37,"column":24}},"37":{"start":{"line":38,"column":0},"end":{"line":38,"column":159}},"38":{"start":{"line":39,"column":0},"end":{"line":39,"column":169}},"39":{"start":{"line":40,"column":0},"end":{"line":40,"column":235}},"40":{"start":{"line":41,"column":0},"end":{"line":41,"column":146}},"41":{"start":{"line":42,"column":0},"end":{"line":42,"column":206}},"42":{"start":{"line":43,"column":0},"end":{"line":43,"column":178}},"43":{"start":{"line":44,"column":0},"end":{"line":44,"column":158}},"44":{"start":{"line":45,"column":0},"end":{"line":45,"column":160}},"45":{"start":{"line":46,"column":0},"end":{"line":46,"column":122}},"46":{"start":{"line":47,"column":0},"end":{"line":47,"column":173}},"47":{"start":{"line":48,"column":0},"end":{"line":48,"column":145}},"48":{"start":{"line":49,"column":0},"end":{"line":49,"column":194}},"49":{"start":{"line":50,"column":0},"end":{"line":50,"column":132}},"50":{"start":{"line":51,"column":0},"end":{"line":51,"column":237}},"51":{"start":{"line":52,"column":0},"end":{"line":52,"column":133}},"52":{"start":{"line":53,"column":0},"end":{"line":53,"column":220}},"53":{"start":{"line":54,"column":0},"end":{"line":54,"column":148}},"54":{"start":{"line":55,"column":0},"end":{"line":55,"column":222}},"55":{"start":{"line":56,"column":0},"end":{"line":56,"column":206}},"56":{"start":{"line":57,"column":0},"end":{"line":57,"column":220}},"57":{"start":{"line":58,"column":0},"end":{"line":58,"column":141}},"58":{"start":{"line":59,"column":0},"end":{"line":59,"column":186}},"59":{"start":{"line":60,"column":0},"end":{"line":60,"column":132}},"60":{"start":{"line":61,"column":0},"end":{"line":61,"column":271}},"61":{"start":{"line":62,"column":0},"end":{"line":62,"column":230}},"62":{"start":{"line":63,"column":0},"end":{"line":63,"column":244}},"63":{"start":{"line":64,"column":0},"end":{"line":64,"column":212}},"64":{"start":{"line":65,"column":0},"end":{"line":65,"column":190}},"65":{"start":{"line":66,"column":0},"end":{"line":66,"column":151}},"66":{"start":{"line":67,"column":0},"end":{"line":67,"column":143}},"67":{"start":{"line":68,"column":0},"end":{"line":68,"column":196}},"68":{"start":{"line":69,"column":0},"end":{"line":69,"column":1}},"69":{"start":{"line":70,"column":0},"end":{"line":70,"column":0}},"70":{"start":{"line":71,"column":0},"end":{"line":71,"column":25}},"71":{"start":{"line":72,"column":0},"end":{"line":72,"column":160}},"72":{"start":{"line":73,"column":0},"end":{"line":73,"column":172}},"73":{"start":{"line":74,"column":0},"end":{"line":74,"column":130}},"74":{"start":{"line":75,"column":0},"end":{"line":75,"column":207}},"75":{"start":{"line":76,"column":0},"end":{"line":76,"column":140}},"76":{"start":{"line":77,"column":0},"end":{"line":77,"column":181}},"77":{"start":{"line":78,"column":0},"end":{"line":78,"column":190}},"78":{"start":{"line":79,"column":0},"end":{"line":79,"column":173}},"79":{"start":{"line":80,"column":0},"end":{"line":80,"column":196}},"80":{"start":{"line":81,"column":0},"end":{"line":81,"column":186}},"81":{"start":{"line":82,"column":0},"end":{"line":82,"column":270}},"82":{"start":{"line":83,"column":0},"end":{"line":83,"column":279}},"83":{"start":{"line":84,"column":0},"end":{"line":84,"column":196}},"84":{"start":{"line":85,"column":0},"end":{"line":85,"column":180}},"85":{"start":{"line":86,"column":0},"end":{"line":86,"column":288}},"86":{"start":{"line":87,"column":0},"end":{"line":87,"column":131}},"87":{"start":{"line":88,"column":0},"end":{"line":88,"column":144}},"88":{"start":{"line":89,"column":0},"end":{"line":89,"column":259}},"89":{"start":{"line":90,"column":0},"end":{"line":90,"column":191}},"90":{"start":{"line":91,"column":0},"end":{"line":91,"column":119}},"91":{"start":{"line":92,"column":0},"end":{"line":92,"column":280}},"92":{"start":{"line":93,"column":0},"end":{"line":93,"column":198}},"93":{"start":{"line":94,"column":0},"end":{"line":94,"column":171}},"94":{"start":{"line":95,"column":0},"end":{"line":95,"column":140}},"95":{"start":{"line":96,"column":0},"end":{"line":96,"column":192}},"96":{"start":{"line":97,"column":0},"end":{"line":97,"column":152}},"97":{"start":{"line":98,"column":0},"end":{"line":98,"column":218}},"98":{"start":{"line":99,"column":0},"end":{"line":99,"column":150}},"99":{"start":{"line":100,"column":0},"end":{"line":100,"column":1}},"100":{"start":{"line":101,"column":0},"end":{"line":101,"column":0}},"101":{"start":{"line":102,"column":0},"end":{"line":102,"column":20}},"102":
[...]
ine":13,"column":69}},"13":{"start":{"line":14,"column":0},"end":{"line":14,"column":22}},"14":{"start":{"line":15,"column":0},"end":{"line":15,"column":17}},"15":{"start":{"line":16,"column":0},"end":{"line":16,"column":22}},"16":{"start":{"line":17,"column":0},"end":{"line":17,"column":18}},"17":{"start":{"line":18,"column":0},"end":{"line":18,"column":13}},"18":{"start":{"line":19,"column":0},"end":{"line":19,"column":34}},"19":{"start":{"line":20,"column":0},"end":{"line":20,"column":22}},"20":{"start":{"line":21,"column":0},"end":{"line":21,"column":118}},"21":{"start":{"line":22,"column":0},"end":{"line":22,"column":58}},"22":{"start":{"line":23,"column":0},"end":{"line":23,"column":23}},"23":{"start":{"line":24,"column":0},"end":{"line":24,"column":29}},"24":{"start":{"line":25,"column":0},"end":{"line":25,"column":13}},"25":{"start":{"line":26,"column":0},"end":{"line":26,"column":60}},"26":{"start":{"line":27,"column":0},"end":{"line":27,"column":44}},"27":{"start":{"line":28,"column":0},"end":{"line":28,"column":24}},"28":{"start":{"line":29,"column":0},"end":{"line":29,"column":14}},"29":{"start":{"line":30,"column":0},"end":{"line":30,"column":6}},"30":{"start":{"line":31,"column":0},"end":{"line":31,"column":1}},"31":{"start":{"line":32,"column":0},"end":{"line":32,"column":1}},"32":{"start":{"line":33,"column":0},"end":{"line":33,"column":24}}},"s":{"0":1,"1":1,"2":1,"3":1,"4":26,"5":26,"6":26,"7":26,"8":26,"9":26,"10":26,"11":26,"12":132,"13":26,"14":26,"15":26,"16":26,"17":26,"18":26,"19":18,"20":18,"21":18,"22":18,"23":8,"24":26,"25":26,"26":26,"27":26,"28":26,"29":26,"30":26,"31":1,"32":1},"branchMap":{"0":{"type":"branch","line":5,"loc":{"start":{"line":5,"column":0},"end":{"line":31,"column":1}},"locations":[{"start":{"line":5,"column":0},"end":{"line":31,"column":1}}]},"1":{"type":"branch","line":19,"loc":{"start":{"line":19,"column":22},"end":{"line":23,"column":23}},"locations":[{"start":{"line":19,"column":22},"end":{"line":23,"column":23}}]},"2":{"type":"branch","line":21,"loc":{"start":{"line":21,"column":86},"end":{"line":21,"column":103}},"locations":[{"start":{"line":21,"column":86},"end":{"line":21,"column":103}}]},"3":{"type":"branch","line":21,"loc":{"start":{"line":21,"column":90},"end":{"line":21,"column":113}},"locations":[{"start":{"line":21,"column":90},"end":{"line":21,"column":113}}]},"4":{"type":"branch","line":23,"loc":{"start":{"line":23,"column":20},"end":{"line":24,"column":29}},"locations":[{"start":{"line":23,"column":20},"end":{"line":24,"column":29}}]},"5":{"type":"branch","line":12,"loc":{"start":{"line":12,"column":47},"end":{"line":14,"column":21}},"locations":[{"start":{"line":12,"column":47},"end":{"line":14,"column":21}}]}},"b":{"0":[26],"1":[18],"2":[2],"3":[16],"4":[8],"5":[132]},"fnMap":{"0":{"name":"Survivor","decl":{"start":{"line":5,"column":0},"end":{"line":31,"column":1}},"loc":{"start":{"line":5,"column":0},"end":{"line":31,"column":1}},"line":5}},"f":{"0":26}}
,"C:\\Users\\logan\\Desktop\\School\\CSCI342\\CSCI342-Group4\\ror2wiki\\src\\util\\Calculator.jsx": {"path":"C:\\Users\\logan\\Desktop\\School\\CSCI342\\CSCI342-Group4\\ror2wiki\\src\\util\\Calculator.jsx","all":false,"statementMap":{"0":{"start":{"line":1,"column":0},"end":{"line":1,"column":25}},"1":{"start":{"line":2,"column":0},"end":{"line":2,"column":0}},"2":{"start":{"line":3,"column":0},"end":{"line":3,"column":20}},"3":{"start":{"line":4,"column":0},"end":{"line":4,"column":32}},"4":{"start":{"line":5,"column":0},"end":{"line":5,"column":20}},"5":{"start":{"line":6,"column":0},"end":{"line":6,"column":26}},"6":{"start":{"line":7,"column":0},"end":{"line":7,"column":19}},"7":{"start":{"line":8,"column":0},"end":{"line":8,"column":24}},"8":{"start":{"line":9,"column":0},"end":{"line":9,"column":97}},"9":{"start":{"line":10,"column":0},"end":{"line":10,"column":66}},"10":{"start":{"line":11,"column":0},"end":{"line":11,"column":24}},"11":{"start":{"line":12,"column":0},"end":{"line":12,"column":21}},"12":{"start":{"line":13,"column":0},"end":{"line":13,"column":14}},"13":{"start":{"line":14,"column":0},"end":{"line":14,"column":26}},"14":{"start":{"line":15,"column":0},"end":{"line":15,"column":9}},"15":{"start":{"line":16,"column":0},"end":{"line":16,"column":6}},"16":{"start":{"line":17,"column":0},"end":{"line":17,"column":2}},"17":{"start":{"line":18,"column":0},"end":{"line":18,"column":0}},"18":{"start":{"line":19,"column":0},"end":{"line":19,"column":64}},"19":{"start":{"line":20,"column":0},"end":{"line":20,"column":25}},"20":{"start":{"line":21,"column":0},"end":{"line":21,"column":0}},"21":{"start":{"line":22,"column":0},"end":{"line":22,"column":18}},"22":{"start":{"line":23,"column":0},"end":{"line":23,"column":47}},"23":{"start":{"line":24,"column":0},"end":{"line":24,"column":18}},"24":{"start":{"line":25,"column":0},"end":{"line":25,"column":48}},"25":{"start":{"line":26,"column":0},"end":{"line":26,"column":25}},"26":{"start":{"line":27,"column":0},"end":{"line":27,"column":54}},"27":{"start":{"line":28,"column":0},"end":{"line":28,"column":23}},"28":{"start":{"line":29,"column":0},"end":{"line":29,"column":52}},"29":{"start":{"line":30,"column":0},"end":{"line":30,"column":0}},"30":{"start":{"line":31,"column":0},"end":{"line":31,"column":40}},"31":{"start":{"line":32,"column":0},"end":{"line":32,"column":7}},"32":{"start":{"line":33,"column":0},"end":{"line":33,"column":40}},"33":{"start":{"line":34,"column":0},"end":{"line":34,"column":39}},"34":{"start":{"line":35,"column":0},"end":{"line":35,"column":34}},"35":{"start":{"line":36,"column":0},"end":{"line":36,"column":69}},"36":{"start":{"line":37,"column":0},"end":{"line":37,"column":34}},"37":{"start":{"line":38,"column":0},"end":{"line":38,"column":45}},"38":{"start":{"line":39,"column":0},"end":{"line":39,"column":24}},"39":{"start":{"line":40,"column":0},"end":{"line":40,"column":16}},"40":{"start":{"line":41,"column":0},"end":{"line":41,"column":63}},"41":{"start":{"line":42,"column":0},"end":{"line":42,"column":86}},"42":{"start":{"line":43,"column":0},"end":{"line":43,"column":9}},"43":{"start":{"line":44,"column":0},"end":{"line":44,"column":0}},"44":{"start":{"line":45,"column":0},"end":{"line":45,"column":39}},"45":{"start":{"line":46,"column":0},"end":{"line":46,"column":7}},"46":{"start":{"line":47,"column":0},"end":{"line":47,"column":38}},"47":{"start":{"line":48,"column":0},"end":{"line":48,"column":77}},"48":{"start":{"line":49,"column":0},"end":{"line":49,"column":0}},"49":{"start":{"line":50,"column":0},"end":{"line":50,"column":17}},"50":{"start":{"line":51,"column":0},"end":{"line":51,"column":0}},"51":{"start":{"line":52,"column":0},"end":{"line":52,"column":28}},"52":{"start":{"line":53,"column":0},"end":{"line":53,"column":44}},"53":{"start":{"line":54,"column":0},"end":{"line":54,"column":26}},"54":{"start":{"line":55,"column":0},"end":{"line":55,"column":9}},"55":{"start":{"line":56,"column":0},"end":{"line":56,"column":8}},"56":{"start":{"line":57,"column":0},"end":{"line":57,"column":40}},"57":{"start":{"line":58,"column":0},"end":{"line":58,"column":0}},"58":{"start":{"line":59,"column":0},"end":{"line":59,"column":39}},"59":{"start":{"line":60,"column":0},"end":{"line":60,"column":0}},"60":{"start":{"line":61,"column":0},"end":{"line":61,"column":21}},"61":{"start":{"line":62,"column":0},"end":{"line":62,"column":49}},"62":{"start":{"line":63,"column":0},"end":{"line":63,"column":0}},"63":{"start":{"line":64,"column":0},"end":{"line":64,"column":40}},"64":{"start":{"line":65,"column":0},"end":{"line":65,"column":8}},"65":{"start":{"line":66,"column":0},"end":{"line":66,"column":41}},"66":{"start":{"line":67,"column":0},"end":{"line":67,"column":1}},"67":{"start":{"line":68,"column":0},"end":{"line":68,"column":38}},"68":{"start":{"line":69,"column":0},"end":{"line":69,"column":59}},"69":{"start":{"line":70,"column":0},"end":{"line":70,"column":45}},"70":{"start":{"line":71,"column":0},"end":{"line":71,"column":24}},"71":{"start":{"line":72,"column":0},"end":{"line":72,"column":8}},"72":{"start":{"line":73,"column":0},"end":{"line":73,"column":14}},"73":{"start":{"line":74,"column":0},"end":{"line":74,"column":89}},"74":{"start":{"line":75,"column":0},"end":{"line":75,"column":9}},"75":{"start":{"line":76,"column":0},"end":{"line":76,"column":8}},"76":{"start":{"line":77,"column":0},"end":{"line":77,"column":28}},"77":{"start":{"line":78,"column":0},"end":{"line":78,"column":38}},"78":{"start":{"line":79,"column":0},"end":{"line":79,"column":41}},"79":{"start":{"line":80,"column":0},"end":{"line":80,"column":102}},"80":{"start":{"line":81,"column":0},"end":{"line":81,"column":101}},"81":{"start":{"line":82,"column":0},"end":{"line":82,"column":20}},"82":{"start":{"line":83,"column":0},"end":{"line":83,"column":60}},"83":{"start":{"line":84,"column":0},"end":{"line":84,"column":59}},"84":{"start":{"line":85,"column":0},"end":{"line":85,"column":13}},"85":{"start":{"line":86,"column":0},"end":{"line":86,"column":0}},"86":{"start":{"line":87,"column":0},"end":{"line":87,"column":45}},"87":{"start":{"line":88,"column":0},"end":{"line":88,"column":41}},"88":{"start":{"line":89,"column":0},"end":{"line":89,"column":133}},"89":{"start":{"line":90,"column":0},"end":{"line":90,"column":101}},"90":{"start":{"line":91,"column":0},"end":{"line":91,"column":20}},"91":{"start":{"line":92,"column":0},"end":{"line":92,"column":91}},"92":{"start":{"line":93,"column":0},"end":{"line":93,"column":59}},"93":{"start":{"line":94,"column":0},"end":{"line":94,"column":13}},"94":{"start":{"line":95,"column":0},"end":{"line":95,"column":14}},"95":{"start":{"line":96,"column":0},"end":{"line":96,"column":41}},"96":{"start":{"line":97,"column":0},"end":{"line":97,"column":131}},"97":{"start":{"line":98,"column":0},"end":{"line":98,"column":101}},"98":{"start":{"line":99,"column":0},"end":{"line":99,"column":20}},"99":{"start":{"line":100,"column":0},"end":{"line":100,"column":89}},"100":{"start":{"line":101,"column":0},"end":{"line":101,"column":59}},"101":{"start":{"line":102,"column":0},"end":{"line":102,"column":13}},"102":{"start":{"line":103,"column":0},"end":{"line":103,"column":0}},"103":{"start":{"line":104,"column":0},"end":{"line":104,"column":9}},"104":{"start":{"line":105,"column":0},"end":{"line":105,"column":8}},"105":{"start":{"line":106,"column":0},"end":{"line":106,"column":0}},"106":{"start":{"line":107,"column":0},"end":{"line":107,"column":30}},"107":{"start":{"line":108,"column":0},"end":{"line":108,"column":36}},"108":{"start":{"line":109,"column":0},"end":{"line":109,"column":46}},"109":{"start":{"line":110,"column":0},"end":{"line":110,"column":70}},"110":{"start":{"line":111,"column":0},"end":{"line":111,"column":46}},"111":{"start":{"line":112,"column":0},"end":{"line":112,"column":8}},"112":{"start":{"line":113,"column":0},"end":{"line":113,"column":45}},"113":{"start":{"line":114,"column":0},"end":{"line":114,"column":24}},"114":{"start":{"line":115,"column":0},"end":{"line":115,"column":14}},"115":{"start":{"line":116,"column":0},"end":{"line":116,"column":105}},"116":{"start":{"line":117,"column":0},"end":{"line":117,"column":9}},"117":{"start":{"line":118,"column":0},"end":{"line":118,"column":0}},"118":{"start":{"line":119,"column":0},"end":{"line":119,"column":22}},"119":{"start":{"line":120,"column":0},"end":{"line":120,"column":5}},"120":{"start":{"line":121,"column":0},"end":{"line":121,"column":1}},"121":{"start":{"line":122,"column":0},"end":{"line":122,"column":0}},"122":{"start":{"line":123,"column":0},"end":{"line":123,"column":26}}},"s":{"0":1,"1":1,"2":1,"3":1,"4":194,"5":194,"6":194,"7":194,"8":194,"9":194,"10":194,"11":0,"12":194,"13":194,"14":194,"15":194,"16":1,"17":1,"18":1,"19":50,"20":50,"21":50,"22":50,"23":50,"24":50,"25":50,"26":50,"27":50,"28":50,"29":50,"30":50,"31":50,"32":50,"33":50,"34":0,"35":50,"36":0,"37":50,"38":1,"39":50,"40":49,"41":49,"42":49,"43":50,"44":50,"45":50,"46":50,"47":50,"48":50,"49":50,"50":50,"51":50,"52":50,"53":18,"54":18,"55":50,"56":50,"57":50,"58":50,"59":50,"60":50,"61":50,"62":50,"63":50,"64":50,"65":50,"66":50,"67":50,"68":1,"69":50,"70":1,"71":1,"72":49,"73":48,"74":48,"75":50,"76":50,"77":50,"78":1,"79":0,"80":0,"81":1,"82":1,"83":1,"84":1,"85":1,"86":50,"87":1,"88":0,"89":0,"90":1,"91":1,"92":1,"93":1,"94":49,"95":48,"96":14,"97":14,"98":48,"99":34,"100":34,"101":34,"102":48,"103":48,"104":50,"105":50,"106":50,"107":50,"108":0,"109":50,"110":0,"111":0,"112":50,"113":1,"114":50,"115":49,"116":49,"117":50,"118":50,"119":50,"120":1,"121":1,"122":1},"branchMap":{"0":{"type":"branch","line":4,"loc":{"start":{"line":4,"column":4},"end":{"line":16,"column":6}},"locations":[{"start":{"line":4,"column":4},"end":{"line":16,"column":6}}]},"1":{"type":"branch","line":11,"loc":{"start":{"line":11,"column":23},"end":{"line":13,"column":13}},"locations":[{"start":{"line":11,"column":23},"end":{"line":13,"column":13}}]},"2":{"type":"branch","line":19,"loc":{"start":{"line":19,"column":4},"end":{"line":120,"column":5}},"locations":[{"start":{"line":19,"column":4},"end":{"line":120,"column":5}}]},"3":{"type":"branch","line":34,"loc":{"start":{"line":34,"column":38},"end":{"line":36,"column":17}},"locations":[{"start":{"line":34,"column":38},"end":{"line":36,"column":17}}]},"4":{"type":"branch","line":36,"loc":{"start":{"line":36,"column":38},"end":{"line":36,"column":68}},"locations":[{"start":{"line":36,"column":38},"end":{"line":36,"column":68}}]},"5":{"type":"branch","line":36,"loc":{"start":{"line":36,"column":68},"end":{"line":38,"column":17}},"locations":[{"start":{"line":36,"column":68},"end":{"line":38,"column":17}}]},"6":{"type":"branch","line":38,"loc":{"start":{"line":38,"column":44},"end":{"line":40,"column":15}},"locations":[{"start":{"line":38,"column":44},"end":{"line":40,"column":15}}]},"7":{"type":"branch","line":40,"loc":{"start":{"line":40,"column":8},"end":{"line":43,"column":9}},"locations":[{"start":{"line":40,"column":8},"end":{"line":43,"column":9}}]},"8":{"type":"branch","line":53,"loc":{"start":{"line":53,"column":43},"end":{"line":55,"column":9}},"locations":[{"start":{"line":53,"column":43},"end":{"line":55,"column":9}}]},"9":{"type":"branch","line":68,"loc":{"start":{"line":68,"column":37},"end":{"line":70,"column":17}},"locations":[{"start":{"line":68,"column":37},"end":{"line":70,"column":17}}]},"10":{"type":"branch","line":70,"loc":{"start":{"line":70,"column":8},"end":{"line":75,"column":9}},"locations":[{"start":{"line":70,"column":8},"end":{"line":75,"column":9}}]},"11":{"type":"branch","line":70,"loc":{"start":{"line":70,"column":44},"end":{"line":73,"column":13}},"locations":[{"start":{"line":70,"column":44},"end":{"line":73,"column":13}}]},"12":{"type":"branch","line":73,"loc":{"start":{"line":73,"column":8},"end":{"line":75,"column":9}},"locations":[{"start":{"line":73,"column":8},"end":{"line":75,"column":9}}]},"13":{"type":"branch","line":78,"loc":{"start":{"line":78,"column":37},"end":{"line":87,"column":17}},"locations":[{"start":{"line":78,"column":37},"end":{"line":87,"column":17}}]},"14":{"type":"branch","line":79,"loc":{"start":{"line":79,"column":40},"end":{"line":82,"column":19}},"locations":[{"start":{"line":79,"column":40},"end":{"line":82,"column":19}}]},"15":{"type":"branch","line":87,"loc":{"start":{"line":87,"column":8},"end":{"line":104,"column":9}},"locations":[{"start":{"line":87,"column":8},"end":{"line":104,"column":9}}]},"16":{"type":"branch","line":87,"loc":{"start":{"line":87,"column":44},"end":{"line":95,"column":13}},"locations":[{"start":{"line":87,"column":44},"end":{"line":95,"column":13}}]},"17":{"type":"branch","line":88,"loc":{"start":{"line":88,"column":40},"end":{"line":91,"column":19}},"locations":[{"start":{"line":88,"column":40},"end":{"line":91,"column":19}}]},"18":{"type":"branch","line":95,"loc":{"start":{"line":95,"column":8},"end":{"line":104,"column":9}},"locations":[{"start":{"line":95,"column":8},"end":{"line":104,"column":9}}]},"19":{"type":"branch","line":96,"loc":{"start":{"line":96,"column":40},"end":{"line":99,"column":19}},"locations":[{"start":{"line":96,"column":40},"end":{"line":99,"column":19}}]},"20":{"type":"branch","line":99,"loc":{"start":{"line":99,"column":12},"end":{"line":102,"column":13}},"locations":[{"start":{"line":99,"column":12},"end":{"line":102,"column":13}}]},"21":{"type":"branch","line":108,"loc":{"start":{"line":108,"column":35},"end":{"line":110,"column":18}},"locations":[{"start":{"line":108,"column":35},"end":{"line":110,"column":18}}]},"22":{"type":"branch","line":110,"loc":{"start":{"line":110,"column":39},"end":{"line":110,"column":69}},"locations":[{"start":{"line":110,"column":39},"end":{"line":110,"column":69}}]},"23":{"type":"branch","line":110,"loc":{"start":{"line":110,"column":69},"end":{"line":113,"column":17}},"locations":[{"start":{"line":110,"column":69},"end":{"line":113,"column":17}}]},"24":{"type":"branch","line":113,"loc":{"start":{"line":113,"column":44},"end":{"line":115,"column":13}},"locations":[{"start":{"line":113,"column":44},"end":{"line":115,"column":13}}]},"25":{"type":"branch","line":115,"loc":{"start":{"line":115,"column":8},"end":{"line":117,"column":9}},"locations":[{"start":{"line":115,"column":8},"end":{"line":117,"column":9}}]}},"b":{"0":[194],"1":[0],"2":[50],"3":[0],"4":[1],"5":[0],"6":[1],"7":[49],"8":[18],"9":[1],"10":[49],"11":[1],"12":[48],"13":[1],"14":[0],"15":[49],"16":[1],"17":[0],"18":[48],"19":[14],"20":[34],"21":[0],"22":[1],"23":[0],"24":[1],"25":[49]},"fnMap":{"0":{"name":"clover","decl":{"start":{"line":4,"column":4},"end":{"line":16,"column":6}},"loc":{"start":{"line":4,"column":4},"end":{"line":16,"column":6}},"line":4},"1":{"name":"calculate","decl":{"start":{"line":19,"column":4},"end":{"line":120,"column":5}},"loc":{"start":{"line":19,"column":4},"end":{"line":120,"column":5}},"line":19}},"f":{"0":194,"1":50}}
,"C:\\Users\\logan\\Desktop\\School\\CSCI342\\CSCI342-Group4\\ror2wiki\\src\\util\\LoggedInContext.jsx": {"path":"C:\\Users\\logan\\Desktop\\School\\CSCI342\\CSCI342-Group4\\ror2wiki\\src\\util\\LoggedInContext.jsx","all":false,"statementMap":{"0":{"start":{"line":1,"column":0},"end":{"line":1,"column":67}},"1":{"start":{"line":2,"column":0},"end":{"line":2,"column":0}},"2":{"start":{"line":3,"column":0},"end":{"line":3,"column":40}},"3":{"start":{"line":4,"column":0},"end":{"line":4,"column":0}},"4":{"start":{"line":5,"column":0},"end":{"line":5,"column":51}},"5":{"start":{"line":6,"column":0},"end":{"line":6,"column":52}},"6":{"start":{"line":7,"column":0},"end":{"line":7,"column":0}},"7":{"start":{"line":8,"column":0},"end":{"line":8,"column":12}},"8":{"start":{"line":9,"column":0},"end":{"line":9,"column":68}},"9":{"start":{"line":10,"column":0},"end":{"line":10,"column":22}},"10":{"start":{"line":11,"column":0},"end":{"line":11,"column":35}},"11":{"start":{"line":12,"column":0},"end":{"line":12,"column":6}},"12":{"start":{"line":13,"column":0},"end":{"line":13,"column":2}},"13":{"start":{"line":14,"column":0},"end":{"line":14,"column":0}},"14":{"start":{"line":15,"column":0},"end":{"line":15,"column":61}}},"s":{"0":1,"1":1,"2":1,"3":1,"4":1,"5":3,"6":3,"7":3,"8":3,"9":3,"10":3,"11":3,"12":3,"13":1,"14":1},"branchMap":{"0":{"type":"branch","line":5,"loc":{"start":{"line":5,"column":32},"end":{"line":13,"column":2}},"locations":[{"start":{"line":5,"column":32},"end":{"line":13,"column":2}}]},"1":{"type":"branch","line":15,"loc":{"start":{"line":15,"column":27},"end":{"line":15,"column":61}},"locations":[{"start":{"line":15,"column":27},"end":{"line":15,"column":61}}]}},"b":{"0":[3],"1":[3]},"fnMap":{"0":{"name":"LoggedInProvider","decl":{"start":{"line":5,"column":32},"end":{"line":13,"column":2}},"loc":{"start":{"line":5,"column":32},"end":{"line":13,"column":2}},"line":5},"1":{"name":"useLoggedIn","decl":{"start":{"line":15,"column":27},"end":{"line":15,"column":61}},"loc":{"start":{"line":15,"column":27},"end":{"line":15,"column":61}},"line":15}},"f":{"0":3,"1":3}}
}
